Up to date
| Running the linter…
| hlint -j --cpp-define x86_64_HOST_ARCH --cpp-include=/home/hecate/Contrib/GHC/ghc/includes --cpp-include=/home/hecate/Contrib/GHC/ghc/_build/stage1/lib --cpp-include=/home/hecate/Contrib/GHC/ghc/compiler --cpp-include=/home/hecate/Contrib/GHC/ghc/_build/stage1/lib/ghcplatform.h --cpp-include=/home/hecate/Contrib/GHC/ghc/_build/stage1/compiler/build -h /home/hecate/Contrib/GHC/ghc/compiler/.hlint.yaml compiler
# hlint (for lint:compiler)
compiler/GHC/CmmToAsm/PPC/CodeGen.hs:804:28-29: Warning: Redundant do
Found:
  do
Perhaps you should remove it.

compiler/GHC/CmmToAsm/SPARC/CodeGen.hs:76:35-36: Warning: Redundant do
Found:
  do
Perhaps you should remove it.

compiler/GHC/CmmToAsm/SPARC/CodeGen.hs:(432,21)-(444,43): Warning: Redundant return
Found:
  do res <- outOfLineMachOp mop
     lblOrMopExpr <- case res of
                       Left lbl
                         -> do return
                                 (unitOL
                                    (CALL (Left (litToImm (CmmLabel lbl))) n_argRegs_used False))
                       Right mopExpr
                         -> do (dyn_c, dyn_rs) <- arg_to_int_vregs mopExpr
                               let dyn_r
                                     = case dyn_rs of
                                         [dyn_r'] -> dyn_r'
                                         _ -> panic "SPARC.CodeGen.genCCall: arg_to_int"
                               return (dyn_c `snocOL` CALL (Right dyn_r) n_argRegs_used False)
     return lblOrMopExpr
Perhaps:
  do res <- outOfLineMachOp mop
     case res of
       Left lbl
         -> do return
                 (unitOL
                    (CALL (Left (litToImm (CmmLabel lbl))) n_argRegs_used False))
       Right mopExpr
         -> do (dyn_c, dyn_rs) <- arg_to_int_vregs mopExpr
               let dyn_r
                     = case dyn_rs of
                         [dyn_r'] -> dyn_r'
                         _ -> panic "SPARC.CodeGen.genCCall: arg_to_int"
               return (dyn_c `snocOL` CALL (Right dyn_r) n_argRegs_used False)

compiler/GHC/CmmToAsm/SPARC/CodeGen.hs:434:45-46: Warning: Redundant do
Found:
  do
Perhaps you should remove it.

compiler/GHC/CmmToAsm/X86/CodeGen.hs:134:35-36: Warning: Redundant do
Found:
  do
Perhaps you should remove it.

compiler/GHC/CmmToAsm/X86/CodeGen.hs:753:18-19: Warning: Redundant do
Found:
  do
Perhaps you should remove it.

compiler/GHC/CmmToAsm/X86/CodeGen.hs:757:53-54: Warning: Redundant do
Found:
  do
Perhaps you should remove it.

compiler/GHC/CmmToAsm/X86/CodeGen.hs:889:49-50: Warning: Redundant do
Found:
  do
Perhaps you should remove it.

compiler/GHC/CmmToAsm/X86/CodeGen.hs:1374:39-40: Warning: Redundant do
Found:
  do
Perhaps you should remove it.

compiler/GHC/CmmToAsm/X86/CodeGen.hs:1410:10-11: Warning: Redundant do
Found:
  do
Perhaps you should remove it.

compiler/GHC/CmmToAsm/X86/CodeGen.hs:1798:29-30: Warning: Redundant do
Found:
  do
Perhaps you should remove it.

compiler/GHC/CmmToLlvm/CodeGen.hs:198:44-45: Warning: Redundant do
Found:
  do
Perhaps you should remove it.

compiler/GHC/CmmToLlvm/CodeGen.hs:517:19-20: Warning: Redundant do
Found:
  do
Perhaps you should remove it.

compiler/GHC/CmmToLlvm/CodeGen.hs:1562:22-23: Warning: Redundant do
Found:
  do
Perhaps you should remove it.

compiler/GHC/CmmToLlvm/CodeGen.hs:1720:25-26: Warning: Redundant do
Found:
  do
Perhaps you should remove it.

compiler/GHC/CmmToLlvm/CodeGen.hs:1728:19-20: Warning: Redundant do
Found:
  do
Perhaps you should remove it.

compiler/GHC/Core/Lint.hs:50:1-22: Warning: Use fewer imports
Found:
  import GHC.Utils.Error
  import GHC.Utils.Error as Err
Perhaps:
  import GHC.Utils.Error as Err

compiler/GHC/Core/Lint.hs:401:3-7: Warning: Redundant where
Found:
  where
Perhaps you should remove it.

compiler/GHC/Core/Lint.hs:924:45-46: Warning: Redundant do
Found:
  do
Perhaps you should remove it.

compiler/GHC/Core/Utils.hs:77:1-68: Warning: Use fewer imports
Found:
  import GHC.Builtin.Names
      ( makeStaticName, unsafeEqualityProofName )
  import GHC.Builtin.Names ( absentErrorIdKey )
Perhaps:
  import GHC.Builtin.Names
      ( makeStaticName, unsafeEqualityProofName, absentErrorIdKey )

compiler/GHC/Core/Opt/ConstantFold.hs:39:1-49: Warning: Use fewer imports
Found:
  import GHC.Core.SimpleOpt ( exprIsLiteral_maybe )
  import GHC.Core.SimpleOpt ( exprIsConApp_maybe )
Perhaps:
  import GHC.Core.SimpleOpt
      ( exprIsLiteral_maybe, exprIsConApp_maybe )

compiler/GHC/Core/Opt/ConstantFold.hs:443:68-69: Warning: Redundant do
Found:
  do
Perhaps you should remove it.

compiler/GHC/Core/Opt/Exitify.hs:119:40-41: Warning: Redundant do
Found:
  do
Perhaps you should remove it.

compiler/GHC/Core/Opt/Monad.hs:66:1-76: Warning: Use fewer imports
Found:
  import GHC.Utils.Error
      ( Severity(..), DumpFormat(..), dumpOptionsFromFlag )
  import GHC.Utils.Error ( dumpAction )
Perhaps:
  import GHC.Utils.Error
      ( Severity(..), DumpFormat(..), dumpOptionsFromFlag, dumpAction )

compiler/GHC/Core/Opt/Pipeline.hs:452:25-26: Warning: Redundant do
Found:
  do
Perhaps you should remove it.

compiler/GHC/Core/Opt/Simplify.hs:20:1-50: Warning: Use fewer imports
Found:
  import GHC.Core.SimpleOpt ( exprIsConApp_maybe )
  import GHC.Core.SimpleOpt
      ( joinPointBinding_maybe, joinPointBindings_maybe )
Perhaps:
  import GHC.Core.SimpleOpt
      ( exprIsConApp_maybe,
        joinPointBinding_maybe,
        joinPointBindings_maybe )

compiler/GHC/Core/Opt/Simplify.hs:26:1-41: Warning: Use fewer imports
Found:
  import GHC.Core.FamInstEnv ( FamInstEnv )
  import GHC.Core.FamInstEnv ( topNormaliseType_maybe )
Perhaps:
  import GHC.Core.FamInstEnv ( FamInstEnv, topNormaliseType_maybe )

compiler/GHC/Core/Opt/Simplify.hs:2199:18-19: Warning: Redundant do
Found:
  do
Perhaps you should remove it.

compiler/GHC/Core/Opt/Simplify.hs:2203:18-19: Warning: Redundant do
Found:
  do
Perhaps you should remove it.

compiler/GHC/Core/Opt/SpecConstr.hs:1069:3-7: Warning: Redundant where
Found:
  where
Perhaps you should remove it.

compiler/GHC/Core/Opt/Specialise.hs:718:5-6: Warning: Redundant do
Found:
  do
Perhaps you should remove it.

compiler/GHC/Core/Opt/Specialise.hs:732:17-18: Warning: Redundant do
Found:
  do
Perhaps you should remove it.

compiler/GHC/Core/Opt/StaticArgs.hs:192:25-26: Warning: Redundant do
Found:
  do
Perhaps you should remove it.

compiler/GHC/Core/Opt/StaticArgs.hs:241:25-26: Warning: Redundant do
Found:
  do
Perhaps you should remove it.

compiler/GHC/Core/Opt/StaticArgs.hs:244:29-30: Warning: Redundant do
Found:
  do
Perhaps you should remove it.

compiler/GHC/Core/TyCon/Env.hs:8:1-40: Warning: Unused LANGUAGE pragma
Found:
  {-# LANGUAGE CPP, DeriveDataTypeable #-}
Perhaps:
  {-# LANGUAGE CPP #-}
Note: Extension DeriveDataTypeable is not used

compiler/GHC/Core/TyCon/Env.hs:10:1-29: Warning: Unused LANGUAGE pragma
Found:
  {-# LANGUAGE BangPatterns #-}
Perhaps you should remove it.

compiler/GHC/Core/TyCon/RecWalk.hs:9:1-40: Warning: Unused LANGUAGE pragma
Found:
  {-# LANGUAGE CPP, DeriveDataTypeable #-}
Perhaps:
  {-# LANGUAGE CPP #-}
Note: Extension DeriveDataTypeable is not used

compiler/GHC/Core/TyCon/Set.hs:7:1-40: Warning: Unused LANGUAGE pragma
Found:
  {-# LANGUAGE CPP, DeriveDataTypeable #-}
Perhaps:
  {-# LANGUAGE CPP #-}
Note: Extension DeriveDataTypeable is not used

compiler/GHC/Data/FastString.hs:504:38-39: Warning: Redundant do
Found:
  do
Perhaps you should remove it.

compiler/GHC/Data/StringBuffer.hs:127:7-8: Warning: Redundant do
Found:
  do
Perhaps you should remove it.

compiler/GHC/Data/StringBuffer.hs:201:21-22: Warning: Redundant do
Found:
  do
Perhaps you should remove it.

compiler/GHC/Data/StringBuffer.hs:218:21-22: Warning: Redundant do
Found:
  do
Perhaps you should remove it.

compiler/GHC/Driver/Backpack.hs:213:34-35: Warning: Redundant do
Found:
  do
Perhaps you should remove it.

compiler/GHC/Driver/Backpack.hs:461:21-22: Warning: Redundant do
Found:
  do
Perhaps you should remove it.

compiler/GHC/Driver/Backpack.hs:480:23-24: Warning: Redundant do
Found:
  do
Perhaps you should remove it.

compiler/GHC/Driver/Backpack.hs:655:60-61: Warning: Redundant do
Found:
  do
Perhaps you should remove it.

compiler/GHC/Driver/CodeOutput.hs:130:5-6: Warning: Redundant do
Found:
  do
Perhaps you should remove it.

compiler/GHC/Driver/CodeOutput.hs:170:5-6: Warning: Redundant do
Found:
  do
Perhaps you should remove it.

compiler/GHC/Driver/Finder.hs:(411,6)-(420,21): Warning: Redundant return
Found:
  do result <- search to_search
     return result
Perhaps:
  do search to_search

compiler/GHC/Driver/Finder.hs:444:59-60: Warning: Redundant do
Found:
  do
Perhaps you should remove it.

compiler/GHC/Driver/Main.hs:544:23-24: Warning: Redundant do
Found:
  do
Perhaps you should remove it.

compiler/GHC/Driver/Main.hs:(760,54)-(771,30): Warning: Redundant return
Found:
  do let hsc_env'
           = hsc_env
               {hsc_HPT = addToHpt
                            (hsc_HPT hsc_env) (ms_mod_name mod_summary)
                            (HomeModInfo iface details' Nothing)}
     details <- genModDetails hsc_env' iface
     return details
Perhaps:
  do let hsc_env'
           = hsc_env
               {hsc_HPT = addToHpt
                            (hsc_HPT hsc_env) (ms_mod_name mod_summary)
                            (HomeModInfo iface details' Nothing)}
     genModDetails hsc_env' iface

compiler/GHC/Driver/Main.hs:981:34-35: Warning: Redundant do
Found:
  do
Perhaps you should remove it.

compiler/GHC/Driver/Main.hs:(1214,17)-(1226,21): Warning: Redundant return
Found:
  do hsc_env <- getHscEnv
     hsc_eps <- liftIO $ hscEPS hsc_env
     let pkgIfaceT = eps_PIT hsc_eps
         homePkgT = hsc_HPT hsc_env
         iface = lookupIfaceByModule homePkgT pkgIfaceT m
     iface' <- case iface of
                 Just _ -> return iface
                 Nothing -> snd `fmap` (liftIO $ getModuleInterface hsc_env m)
     return iface'
Perhaps:
  do hsc_env <- getHscEnv
     hsc_eps <- liftIO $ hscEPS hsc_env
     let pkgIfaceT = eps_PIT hsc_eps
         homePkgT = hsc_HPT hsc_env
         iface = lookupIfaceByModule homePkgT pkgIfaceT m
     case iface of
       Just _ -> return iface
       Nothing -> snd `fmap` (liftIO $ getModuleInterface hsc_env m)

compiler/GHC/Driver/Main.hs:1893:24-25: Warning: Redundant do
Found:
  do
Perhaps you should remove it.

compiler/GHC/Driver/Main.hs:(1917,7)-(1936,24): Warning: Redundant return
Found:
  do simpl_expr <- simplifyExpr hsc_env ds_expr
     let tidy_expr = tidyExpr emptyTidyEnv simpl_expr
     prepd_expr <- corePrepExpr hsc_env tidy_expr
     lintInteractiveExpr "hscCompileExpr" hsc_env prepd_expr
     bcos <- coreExprToBCOs
               hsc_env (icInteractiveModule (hsc_IC hsc_env)) prepd_expr
     hval <- linkExpr hsc_env srcspan bcos
     return hval
Perhaps:
  do simpl_expr <- simplifyExpr hsc_env ds_expr
     let tidy_expr = tidyExpr emptyTidyEnv simpl_expr
     prepd_expr <- corePrepExpr hsc_env tidy_expr
     lintInteractiveExpr "hscCompileExpr" hsc_env prepd_expr
     bcos <- coreExprToBCOs
               hsc_env (icInteractiveModule (hsc_IC hsc_env)) prepd_expr
     linkExpr hsc_env srcspan bcos

compiler/GHC/Driver/Make.hs:1154:70-71: Warning: Redundant do
Found:
  do
Perhaps you should remove it.

compiler/GHC/Driver/Pipeline.hs:204:59-60: Warning: Redundant do
Found:
  do
Perhaps you should remove it.

compiler/GHC/Driver/Pipeline.hs:747:73-74: Warning: Redundant do
Found:
  do
Perhaps you should remove it.

compiler/GHC/Driver/Pipeline.hs:1068:5-6: Warning: Redundant do
Found:
  do
Perhaps you should remove it.

compiler/GHC/Driver/Pipeline.hs:1117:55-56: Warning: Redundant do
Found:
  do
Perhaps you should remove it.

compiler/GHC/Driver/Pipeline.hs:1452:26-27: Warning: Redundant do
Found:
  do
Perhaps you should remove it.

compiler/GHC/Driver/Pipeline.hs:1453:77-78: Warning: Redundant do
Found:
  do
Perhaps you should remove it.

compiler/GHC/Driver/Pipeline.hs:2004:38-39: Warning: Redundant do
Found:
  do
Perhaps you should remove it.

compiler/GHC/Driver/Pipeline.hs:2287:11-12: Warning: Redundant do
Found:
  do
Perhaps you should remove it.

compiler/GHC/Driver/Session.hs:1377:5-6: Warning: Redundant do
Found:
  do
Perhaps you should remove it.

compiler/GHC/Driver/Session.hs:3056:70-71: Warning: Redundant do
Found:
  do
Perhaps you should remove it.

compiler/GHC/Driver/Types.hs:3267:38-39: Warning: Redundant do
Found:
  do
Perhaps you should remove it.

compiler/GHC/Hs/Type.hs:(1580,5)-(1582,21): Warning: Redundant return
Found:
  do let head_ty = getLHsInstDeclHead inst_ty
     cls <- hsTyGetAppHead_maybe head_ty
     return cls
Perhaps:
  do let head_ty = getLHsInstDeclHead inst_ty
     hsTyGetAppHead_maybe head_ty

compiler/GHC/HsToCore/Coverage.hs:160:42-43: Warning: Redundant do
Found:
  do
Perhaps you should remove it.

compiler/GHC/HsToCore/Coverage.hs:195:47-48: Warning: Redundant do
Found:
  do
Perhaps you should remove it.

compiler/GHC/HsToCore/Coverage.hs:265:72-73: Warning: Redundant do
Found:
  do
Perhaps you should remove it.

compiler/GHC/HsToCore/Coverage.hs:665:73-74: Warning: Redundant do
Found:
  do
Perhaps you should remove it.

compiler/GHC/HsToCore/Coverage.hs:708:49-50: Warning: Redundant do
Found:
  do
Perhaps you should remove it.

compiler/GHC/HsToCore/Coverage.hs:713:45-46: Warning: Redundant do
Found:
  do
Perhaps you should remove it.

compiler/GHC/HsToCore/Coverage.hs:724:51-52: Warning: Redundant do
Found:
  do
Perhaps you should remove it.

compiler/GHC/HsToCore/Coverage.hs:729:48-49: Warning: Redundant do
Found:
  do
Perhaps you should remove it.

compiler/GHC/HsToCore/Coverage.hs:732:59-60: Warning: Redundant do
Found:
  do
Perhaps you should remove it.

compiler/GHC/HsToCore/Coverage.hs:917:55-56: Warning: Redundant do
Found:
  do
Perhaps you should remove it.

compiler/GHC/HsToCore/Coverage.hs:950:37-38: Warning: Redundant do
Found:
  do
Perhaps you should remove it.

compiler/GHC/HsToCore/Coverage.hs:954:43-44: Warning: Redundant do
Found:
  do
Perhaps you should remove it.

compiler/GHC/HsToCore/Coverage.hs:959:46-47: Warning: Redundant do
Found:
  do
Perhaps you should remove it.

compiler/GHC/HsToCore/Coverage.hs:964:42-43: Warning: Redundant do
Found:
  do
Perhaps you should remove it.

compiler/GHC/HsToCore/Expr.hs:(243,5)-(248,27): Warning: Redundant return
Found:
  do core_expr <- dsExpr e
     return core_expr
Perhaps:
  do dsExpr e

compiler/GHC/HsToCore/Expr.hs:405:27-28: Warning: Redundant do
Found:
  do
Perhaps you should remove it.

compiler/GHC/HsToCore/Expr.hs:414:19-20: Warning: Redundant do
Found:
  do
Perhaps you should remove it.

compiler/GHC/HsToCore/Expr.hs:451:5-6: Warning: Redundant do
Found:
  do
Perhaps you should remove it.

compiler/GHC/HsToCore/Expr.hs:1178:17-18: Warning: Redundant do
Found:
  do
Perhaps you should remove it.

compiler/GHC/HsToCore/Match.hs:30:1-37: Warning: Use fewer imports
Found:
  import GHC.Types.Basic ( Origin(..) )
  import GHC.Types.Basic
      ( isGenerated, il_value, fl_value, Boxity(..) )
Perhaps:
  import GHC.Types.Basic
      ( Origin(..), isGenerated, il_value, fl_value, Boxity(..) )

compiler/GHC/HsToCore/Match.hs:411:41-42: Warning: Redundant do
Found:
  do
Perhaps you should remove it.

compiler/GHC/HsToCore/Pmc.hs:270:69-70: Warning: Redundant do
Found:
  do
Perhaps you should remove it.

compiler/GHC/HsToCore/Pmc.hs:354:69-70: Warning: Redundant do
Found:
  do
Perhaps you should remove it.

compiler/GHC/HsToCore/Pmc.hs:358:68-69: Warning: Redundant do
Found:
  do
Perhaps you should remove it.

compiler/GHC/HsToCore/Pmc.hs:361:71-72: Warning: Redundant do
Found:
  do
Perhaps you should remove it.

compiler/GHC/HsToCore/Quote.hs:588:5-6: Warning: Redundant do
Found:
  do
Perhaps you should remove it.

compiler/GHC/HsToCore/Quote.hs:590:5-6: Warning: Redundant do
Found:
  do
Perhaps you should remove it.

compiler/GHC/HsToCore/Quote.hs:598:5-6: Warning: Redundant do
Found:
  do
Perhaps you should remove it.

compiler/GHC/HsToCore/Quote.hs:879:5-6: Warning: Redundant do
Found:
  do
Perhaps you should remove it.

compiler/GHC/HsToCore/Match/Literal.hs:108:32-33: Warning: Redundant do
Found:
  do
Perhaps you should remove it.

compiler/GHC/HsToCore/Match/Literal.hs:226:24-25: Warning: Redundant do
Found:
  do
Perhaps you should remove it.

compiler/GHC/HsToCore/Match/Literal.hs:235:39-40: Warning: Redundant do
Found:
  do
Perhaps you should remove it.

compiler/GHC/HsToCore/Pmc/Desugar.hs:42:1-42: Warning: Use fewer imports
Found:
  import GHC.HsToCore.Utils ( selectMatchVar )
  import GHC.HsToCore.Utils ( isTrueLHsExpr )
Perhaps:
  import GHC.HsToCore.Utils ( selectMatchVar, isTrueLHsExpr )

compiler/GHC/HsToCore/Pmc/Desugar.hs:191:15-16: Warning: Redundant do
Found:
  do
Perhaps you should remove it.

compiler/GHC/HsToCore/Pmc/Desugar.hs:366:76-77: Warning: Redundant do
Found:
  do
Perhaps you should remove it.

compiler/GHC/HsToCore/Pmc/Solver.hs:391:36-37: Warning: Redundant do
Found:
  do
Perhaps you should remove it.

compiler/GHC/HsToCore/Pmc/Solver.hs:1226:19-20: Warning: Redundant do
Found:
  do
Perhaps you should remove it.

compiler/GHC/Iface/Load.hs:457:75-76: Warning: Redundant do
Found:
  do
Perhaps you should remove it.

compiler/GHC/Iface/Recomp.hs:274:30-31: Warning: Redundant do
Found:
  do
Perhaps you should remove it.

compiler/GHC/Iface/Recomp.hs:439:4-5: Warning: Redundant do
Found:
  do
Perhaps you should remove it.

compiler/GHC/Iface/Recomp.hs:609:15-16: Warning: Redundant do
Found:
  do
Perhaps you should remove it.

compiler/GHC/Iface/Recomp.hs:865:40-41: Warning: Redundant do
Found:
  do
Perhaps you should remove it.

compiler/GHC/Iface/Recomp.hs:(1370,30)-(1377,34): Warning: Redundant return
Found:
  do iface <- initIfaceLoad hsc_env . withException
                $ loadInterface (text "lookupVers2") mod ImportBySystem
     return iface
Perhaps:
  do initIfaceLoad hsc_env . withException
       $ loadInterface (text "lookupVers2") mod ImportBySystem

compiler/GHC/Iface/Rename.hs:101:41-42: Warning: Redundant do
Found:
  do
Perhaps you should remove it.

compiler/GHC/Iface/Syntax.hs:2141:20-21: Warning: Redundant do
Found:
  do
Perhaps you should remove it.

compiler/GHC/Iface/Syntax.hs:2142:20-21: Warning: Redundant do
Found:
  do
Perhaps you should remove it.

compiler/GHC/Iface/Syntax.hs:2143:20-21: Warning: Redundant do
Found:
  do
Perhaps you should remove it.

compiler/GHC/Iface/Type.hs:861:30-31: Warning: Redundant do
Found:
  do
Perhaps you should remove it.

compiler/GHC/Iface/Type.hs:863:28-29: Warning: Redundant do
Found:
  do
Perhaps you should remove it.

compiler/GHC/Iface/Type.hs:868:20-21: Warning: Redundant do
Found:
  do
Perhaps you should remove it.

compiler/GHC/Iface/Type.hs:869:20-21: Warning: Redundant do
Found:
  do
Perhaps you should remove it.

compiler/GHC/Iface/Type.hs:1908:24-25: Warning: Redundant do
Found:
  do
Perhaps you should remove it.

compiler/GHC/Iface/Ext/Binary.hs:(224,31)-(240,16): Warning: Redundant return
Found:
  do dict <- get_dictionary bh0
     bh1 <- do let bh1
                     = setUserData bh0
                         $ newReadState (error "getSymtabName") (getDictFastString dict)
               symtab <- get_symbol_table bh1
               let bh1'
                     = setUserData bh1
                         $ newReadState (getSymTabName symtab) (getDictFastString dict)
               return bh1'
     hiefile <- get bh1
     return hiefile
Perhaps:
  do dict <- get_dictionary bh0
     bh1 <- do let bh1
                     = setUserData bh0
                         $ newReadState (error "getSymtabName") (getDictFastString dict)
               symtab <- get_symbol_table bh1
               let bh1'
                     = setUserData bh1
                         $ newReadState (getSymTabName symtab) (getDictFastString dict)
               return bh1'
     get bh1

compiler/GHC/Iface/Ext/Utils.hs:(197,26)-(199,16): Warning: Redundant return
Found:
  do i <- getTypeIndex typ
     return i
Perhaps:
  do getTypeIndex typ

compiler/GHC/Iface/Recomp/Binary.hs:(35,44)-(39,13): Warning: Redundant return
Found:
  do bh <- fmap set_user_data $ openBinMem (3 * 1024)
     put_ bh a
     fp <- fingerprintBinMem bh
     return fp
Perhaps:
  do bh <- fmap set_user_data $ openBinMem (3 * 1024)
     put_ bh a
     fingerprintBinMem bh

compiler/GHC/Parser/Header.hs:186:38-39: Warning: Redundant do
Found:
  do
Perhaps you should remove it.

compiler/GHC/Parser/PostProcess.hs:810:38-39: Warning: Redundant do
Found:
  do
Perhaps you should remove it.

compiler/GHC/Parser/PostProcess.hs:878:22-23: Warning: Redundant do
Found:
  do
Perhaps you should remove it.

compiler/GHC/Parser/PostProcess.hs:1458:28-29: Warning: Redundant do
Found:
  do
Perhaps you should remove it.

compiler/GHC/Rename/Bind.hs:888:22-23: Warning: Redundant do
Found:
  do
Perhaps you should remove it.

compiler/GHC/Rename/Bind.hs:1037:67-68: Warning: Redundant do
Found:
  do
Perhaps you should remove it.

compiler/GHC/Rename/Bind.hs:1181:5-6: Warning: Redundant do
Found:
  do
Perhaps you should remove it.

compiler/GHC/Rename/Expr.hs:111:4-5: Warning: Redundant do
Found:
  do
Perhaps you should remove it.

compiler/GHC/Rename/Expr.hs:850:5-6: Warning: Redundant do
Found:
  do
Perhaps you should remove it.

compiler/GHC/Rename/Module.hs:449:40-41: Warning: Redundant do
Found:
  do
Perhaps you should remove it.

compiler/GHC/Rename/Module.hs:450:73-74: Warning: Redundant do
Found:
  do
Perhaps you should remove it.

compiler/GHC/Rename/Module.hs:464:34-35: Warning: Redundant do
Found:
  do
Perhaps you should remove it.

compiler/GHC/Rename/Module.hs:465:73-74: Warning: Redundant do
Found:
  do
Perhaps you should remove it.

compiler/GHC/Rename/Module.hs:495:38-39: Warning: Redundant do
Found:
  do
Perhaps you should remove it.

compiler/GHC/Rename/Module.hs:496:73-74: Warning: Redundant do
Found:
  do
Perhaps you should remove it.

compiler/GHC/Rename/Module.hs:506:35-36: Warning: Redundant do
Found:
  do
Perhaps you should remove it.

compiler/GHC/Rename/Module.hs:507:73-74: Warning: Redundant do
Found:
  do
Perhaps you should remove it.

compiler/GHC/Rename/Module.hs:530:47-48: Warning: Redundant do
Found:
  do
Perhaps you should remove it.

compiler/GHC/Rename/Module.hs:542:47-48: Warning: Redundant do
Found:
  do
Perhaps you should remove it.

compiler/GHC/Rename/Module.hs:554:56-57: Warning: Redundant do
Found:
  do
Perhaps you should remove it.

compiler/GHC/Rename/Names.hs:1010:40-41: Warning: Redundant do
Found:
  do
Perhaps you should remove it.

compiler/GHC/Rename/Splice.hs:39:1-47: Warning: Use fewer imports
Found:
  import GHC.Tc.Utils.Env ( checkWellStaged )
  import GHC.Tc.Utils.Env ( tcMetaTy )
Perhaps:
  import GHC.Tc.Utils.Env ( checkWellStaged, tcMetaTy )

compiler/GHC/Rename/Splice.hs:40:1-40: Warning: Use fewer imports
Found:
  import GHC.Builtin.Names.TH ( liftName )
  import GHC.Builtin.Names.TH
      ( quoteExpName,
        quotePatName,
        quoteDecName,
        quoteTypeName,
        decsQTyConName,
        expQTyConName,
        patQTyConName,
        typeQTyConName )
Perhaps:
  import GHC.Builtin.Names.TH
      ( liftName,
        quoteExpName,
        quotePatName,
        quoteDecName,
        quoteTypeName,
        decsQTyConName,
        expQTyConName,
        patQTyConName,
        typeQTyConName )

compiler/GHC/Rename/Utils.hs:370:46-47: Warning: Redundant do
Found:
  do
Perhaps you should remove it.

compiler/GHC/Runtime/Eval.hs:423:46-47: Warning: Redundant do
Found:
  do
Perhaps you should remove it.

compiler/GHC/Runtime/Eval.hs:(611,45)-(618,18): Warning: Redundant return
Found:
  do let tmp_ids = [id | AnId id <- ic_tythings ic]
         incompletelyTypedIds
           = [id |
                id <- tmp_ids,
                not $ noSkolems id,
                (occNameFS . nameOccName . idName) id /= result_fs]
     hsc_env' <- foldM
                   improveTypes hsc_env (map idName incompletelyTypedIds)
     return hsc_env'
Perhaps:
  do let tmp_ids = [id | AnId id <- ic_tythings ic]
         incompletelyTypedIds
           = [id |
                id <- tmp_ids,
                not $ noSkolems id,
                (occNameFS . nameOccName . idName) id /= result_fs]
     foldM improveTypes hsc_env (map idName incompletelyTypedIds)

compiler/GHC/Runtime/Eval.hs:857:45-46: Warning: Redundant do
Found:
  do
Perhaps you should remove it.

compiler/GHC/Runtime/Eval.hs:904:22-23: Warning: Redundant do
Found:
  do
Perhaps you should remove it.

compiler/GHC/Runtime/Eval.hs:998:52-53: Warning: Redundant do
Found:
  do
Perhaps you should remove it.

compiler/GHC/Runtime/Eval.hs:1049:52-53: Warning: Redundant do
Found:
  do
Perhaps you should remove it.

compiler/GHC/Runtime/Eval.hs:1050:40-41: Warning: Redundant do
Found:
  do
Perhaps you should remove it.

compiler/GHC/Runtime/Eval.hs:1191:44-45: Warning: Redundant do
Found:
  do
Perhaps you should remove it.

compiler/GHC/Runtime/Interpreter.hs:186:28-29: Warning: Redundant do
Found:
  do
Perhaps you should remove it.

compiler/GHC/Runtime/Interpreter.hs:218:45-46: Warning: Redundant do
Found:
  do
Perhaps you should remove it.

compiler/GHC/Runtime/Interpreter.hs:281:35-36: Warning: Redundant do
Found:
  do
Perhaps you should remove it.

compiler/GHC/Runtime/Interpreter.hs:295:35-36: Warning: Redundant do
Found:
  do
Perhaps you should remove it.

compiler/GHC/Runtime/Interpreter.hs:300:22-23: Warning: Redundant do
Found:
  do
Perhaps you should remove it.

compiler/GHC/Runtime/Interpreter.hs:306:26-27: Warning: Redundant do
Found:
  do
Perhaps you should remove it.

compiler/GHC/Runtime/Interpreter.hs:312:40-41: Warning: Redundant do
Found:
  do
Perhaps you should remove it.

compiler/GHC/Runtime/Interpreter.hs:374:37-38: Warning: Redundant do
Found:
  do
Perhaps you should remove it.

compiler/GHC/Runtime/Interpreter.hs:379:35-36: Warning: Redundant do
Found:
  do
Perhaps you should remove it.

compiler/GHC/Runtime/Interpreter.hs:403:45-46: Warning: Redundant do
Found:
  do
Perhaps you should remove it.

compiler/GHC/Runtime/Linker.hs:232:36-37: Warning: Redundant do
Found:
  do
Perhaps you should remove it.

compiler/GHC/Runtime/Linker.hs:302:27-28: Warning: Redundant do
Found:
  do
Perhaps you should remove it.

compiler/GHC/Runtime/Linker.hs:904:42-43: Warning: Redundant do
Found:
  do
Perhaps you should remove it.

compiler/GHC/Runtime/Linker.hs:1248:27-28: Warning: Redundant do
Found:
  do
Perhaps you should remove it.

compiler/GHC/Runtime/Loader.hs:(74,5)-(77,18): Warning: Redundant return
Found:
  do loadedPlugins <- loadPlugins (hsc_env {hsc_dflags = df})
     let df' = df {cachedPlugins = loadedPlugins}
     df'' <- withPlugins df' runDflagsPlugin df'
     return df''
Perhaps:
  do loadedPlugins <- loadPlugins (hsc_env {hsc_dflags = df})
     let df' = df {cachedPlugins = loadedPlugins}
     withPlugins df' runDflagsPlugin df'

compiler/GHC/Runtime/Heap/Inspect.hs:1022:21-22: Warning: Redundant do
Found:
  do
Perhaps you should remove it.

compiler/GHC/Stg/Lift.hs:205:56-57: Warning: Redundant do
Found:
  do
Perhaps you should remove it.

compiler/GHC/Stg/Lift.hs:209:66-67: Warning: Redundant do
Found:
  do
Perhaps you should remove it.

compiler/GHC/StgToCmm/Expr.hs:184:25-26: Warning: Redundant do
Found:
  do
Perhaps you should remove it.

compiler/GHC/StgToCmm/Heap.hs:653:10-11: Warning: Redundant do
Found:
  do
Perhaps you should remove it.

compiler/GHC/StgToCmm/Monad.hs:737:34-35: Warning: Redundant do
Found:
  do
Perhaps you should remove it.

compiler/GHC/StgToCmm/Prim.hs:269:45-46: Warning: Redundant do
Found:
  do
Perhaps you should remove it.

compiler/GHC/StgToCmm/Prim.hs:296:53-54: Warning: Redundant do
Found:
  do
Perhaps you should remove it.

compiler/GHC/StgToCmm/Prim.hs:299:49-50: Warning: Redundant do
Found:
  do
Perhaps you should remove it.

compiler/GHC/StgToCmm/Prim.hs:302:53-54: Warning: Redundant do
Found:
  do
Perhaps you should remove it.

compiler/GHC/StgToCmm/Prim.hs:323:57-58: Warning: Redundant do
Found:
  do
Perhaps you should remove it.

compiler/GHC/StgToCmm/Prim.hs:332:67-68: Warning: Redundant do
Found:
  do
Perhaps you should remove it.

compiler/GHC/StgToCmm/Prim.hs:337:51-52: Warning: Redundant do
Found:
  do
Perhaps you should remove it.

compiler/GHC/StgToCmm/Prim.hs:341:62-63: Warning: Redundant do
Found:
  do
Perhaps you should remove it.

compiler/GHC/StgToCmm/Prim.hs:345:57-58: Warning: Redundant do
Found:
  do
Perhaps you should remove it.

compiler/GHC/StgToCmm/Prim.hs:348:72-73: Warning: Redundant do
Found:
  do
Perhaps you should remove it.

compiler/GHC/StgToCmm/Prim.hs:352:51-52: Warning: Redundant do
Found:
  do
Perhaps you should remove it.

compiler/GHC/StgToCmm/Prim.hs:356:51-52: Warning: Redundant do
Found:
  do
Perhaps you should remove it.

compiler/GHC/StgToCmm/Prim.hs:369:59-60: Warning: Redundant do
Found:
  do
Perhaps you should remove it.

compiler/GHC/StgToCmm/Prim.hs:373:64-65: Warning: Redundant do
Found:
  do
Perhaps you should remove it.

compiler/GHC/StgToCmm/Prim.hs:377:64-65: Warning: Redundant do
Found:
  do
Perhaps you should remove it.

compiler/GHC/StgToCmm/Prim.hs:383:63-64: Warning: Redundant do
Found:
  do
Perhaps you should remove it.

compiler/GHC/StgToCmm/Prim.hs:388:55-56: Warning: Redundant do
Found:
  do
Perhaps you should remove it.

compiler/GHC/StgToCmm/Prim.hs:390:56-57: Warning: Redundant do
Found:
  do
Perhaps you should remove it.

compiler/GHC/StgToCmm/Prim.hs:392:56-57: Warning: Redundant do
Found:
  do
Perhaps you should remove it.

compiler/GHC/StgToCmm/Prim.hs:395:71-72: Warning: Redundant do
Found:
  do
Perhaps you should remove it.

compiler/GHC/StgToCmm/Prim.hs:397:72-73: Warning: Redundant do
Found:
  do
Perhaps you should remove it.

compiler/GHC/StgToCmm/Prim.hs:399:70-71: Warning: Redundant do
Found:
  do
Perhaps you should remove it.

compiler/GHC/StgToCmm/Prim.hs:401:77-78: Warning: Redundant do
Found:
  do
Perhaps you should remove it.

compiler/GHC/StgToCmm/Prim.hs:403:71-72: Warning: Redundant do
Found:
  do
Perhaps you should remove it.

compiler/GHC/StgToCmm/Prim.hs:405:78-79: Warning: Redundant do
Found:
  do
Perhaps you should remove it.

compiler/GHC/StgToCmm/Prim.hs:407:69-70: Warning: Redundant do
Found:
  do
Perhaps you should remove it.

compiler/GHC/StgToCmm/Prim.hs:409:76-77: Warning: Redundant do
Found:
  do
Perhaps you should remove it.

compiler/GHC/StgToCmm/Prim.hs:411:70-71: Warning: Redundant do
Found:
  do
Perhaps you should remove it.

compiler/GHC/StgToCmm/Prim.hs:413:77-78: Warning: Redundant do
Found:
  do
Perhaps you should remove it.

compiler/GHC/StgToCmm/Prim.hs:416:60-61: Warning: Redundant do
Found:
  do
Perhaps you should remove it.

compiler/GHC/StgToCmm/Prim.hs:418:61-62: Warning: Redundant do
Found:
  do
Perhaps you should remove it.

compiler/GHC/StgToCmm/Prim.hs:420:59-60: Warning: Redundant do
Found:
  do
Perhaps you should remove it.

compiler/GHC/StgToCmm/Prim.hs:425:53-54: Warning: Redundant do
Found:
  do
Perhaps you should remove it.

compiler/GHC/StgToCmm/Prim.hs:432:58-59: Warning: Redundant do
Found:
  do
Perhaps you should remove it.

compiler/GHC/StgToCmm/Prim.hs:443:56-57: Warning: Redundant do
Found:
  do
Perhaps you should remove it.

compiler/GHC/StgToCmm/Prim.hs:445:60-61: Warning: Redundant do
Found:
  do
Perhaps you should remove it.

compiler/GHC/StgToCmm/Prim.hs:447:55-56: Warning: Redundant do
Found:
  do
Perhaps you should remove it.

compiler/GHC/StgToCmm/Prim.hs:449:56-57: Warning: Redundant do
Found:
  do
Perhaps you should remove it.

compiler/GHC/StgToCmm/Prim.hs:451:56-57: Warning: Redundant do
Found:
  do
Perhaps you should remove it.

compiler/GHC/StgToCmm/Prim.hs:453:57-58: Warning: Redundant do
Found:
  do
Perhaps you should remove it.

compiler/GHC/StgToCmm/Prim.hs:455:58-59: Warning: Redundant do
Found:
  do
Perhaps you should remove it.

compiler/GHC/StgToCmm/Prim.hs:457:61-62: Warning: Redundant do
Found:
  do
Perhaps you should remove it.

compiler/GHC/StgToCmm/Prim.hs:459:56-57: Warning: Redundant do
Found:
  do
Perhaps you should remove it.

compiler/GHC/StgToCmm/Prim.hs:461:57-58: Warning: Redundant do
Found:
  do
Perhaps you should remove it.

compiler/GHC/StgToCmm/Prim.hs:463:57-58: Warning: Redundant do
Found:
  do
Perhaps you should remove it.

compiler/GHC/StgToCmm/Prim.hs:465:57-58: Warning: Redundant do
Found:
  do
Perhaps you should remove it.

compiler/GHC/StgToCmm/Prim.hs:467:57-58: Warning: Redundant do
Found:
  do
Perhaps you should remove it.

compiler/GHC/StgToCmm/Prim.hs:469:58-59: Warning: Redundant do
Found:
  do
Perhaps you should remove it.

compiler/GHC/StgToCmm/Prim.hs:471:58-59: Warning: Redundant do
Found:
  do
Perhaps you should remove it.

compiler/GHC/StgToCmm/Prim.hs:473:58-59: Warning: Redundant do
Found:
  do
Perhaps you should remove it.

compiler/GHC/StgToCmm/Prim.hs:478:55-56: Warning: Redundant do
Found:
  do
Perhaps you should remove it.

compiler/GHC/StgToCmm/Prim.hs:480:59-60: Warning: Redundant do
Found:
  do
Perhaps you should remove it.

compiler/GHC/StgToCmm/Prim.hs:482:54-55: Warning: Redundant do
Found:
  do
Perhaps you should remove it.

compiler/GHC/StgToCmm/Prim.hs:484:55-56: Warning: Redundant do
Found:
  do
Perhaps you should remove it.

compiler/GHC/StgToCmm/Prim.hs:486:55-56: Warning: Redundant do
Found:
  do
Perhaps you should remove it.

compiler/GHC/StgToCmm/Prim.hs:488:56-57: Warning: Redundant do
Found:
  do
Perhaps you should remove it.

compiler/GHC/StgToCmm/Prim.hs:490:57-58: Warning: Redundant do
Found:
  do
Perhaps you should remove it.

compiler/GHC/StgToCmm/Prim.hs:492:60-61: Warning: Redundant do
Found:
  do
Perhaps you should remove it.

compiler/GHC/StgToCmm/Prim.hs:494:55-56: Warning: Redundant do
Found:
  do
Perhaps you should remove it.

compiler/GHC/StgToCmm/Prim.hs:496:56-57: Warning: Redundant do
Found:
  do
Perhaps you should remove it.

compiler/GHC/StgToCmm/Prim.hs:498:56-57: Warning: Redundant do
Found:
  do
Perhaps you should remove it.

compiler/GHC/StgToCmm/Prim.hs:500:56-57: Warning: Redundant do
Found:
  do
Perhaps you should remove it.

compiler/GHC/StgToCmm/Prim.hs:502:56-57: Warning: Redundant do
Found:
  do
Perhaps you should remove it.

compiler/GHC/StgToCmm/Prim.hs:504:57-58: Warning: Redundant do
Found:
  do
Perhaps you should remove it.

compiler/GHC/StgToCmm/Prim.hs:506:57-58: Warning: Redundant do
Found:
  do
Perhaps you should remove it.

compiler/GHC/StgToCmm/Prim.hs:508:57-58: Warning: Redundant do
Found:
  do
Perhaps you should remove it.

compiler/GHC/StgToCmm/Prim.hs:513:58-59: Warning: Redundant do
Found:
  do
Perhaps you should remove it.

compiler/GHC/StgToCmm/Prim.hs:515:62-63: Warning: Redundant do
Found:
  do
Perhaps you should remove it.

compiler/GHC/StgToCmm/Prim.hs:517:57-58: Warning: Redundant do
Found:
  do
Perhaps you should remove it.

compiler/GHC/StgToCmm/Prim.hs:519:58-59: Warning: Redundant do
Found:
  do
Perhaps you should remove it.

compiler/GHC/StgToCmm/Prim.hs:521:58-59: Warning: Redundant do
Found:
  do
Perhaps you should remove it.

compiler/GHC/StgToCmm/Prim.hs:523:59-60: Warning: Redundant do
Found:
  do
Perhaps you should remove it.

compiler/GHC/StgToCmm/Prim.hs:525:60-61: Warning: Redundant do
Found:
  do
Perhaps you should remove it.

compiler/GHC/StgToCmm/Prim.hs:527:63-64: Warning: Redundant do
Found:
  do
Perhaps you should remove it.

compiler/GHC/StgToCmm/Prim.hs:529:58-59: Warning: Redundant do
Found:
  do
Perhaps you should remove it.

compiler/GHC/StgToCmm/Prim.hs:531:59-60: Warning: Redundant do
Found:
  do
Perhaps you should remove it.

compiler/GHC/StgToCmm/Prim.hs:533:59-60: Warning: Redundant do
Found:
  do
Perhaps you should remove it.

compiler/GHC/StgToCmm/Prim.hs:535:59-60: Warning: Redundant do
Found:
  do
Perhaps you should remove it.

compiler/GHC/StgToCmm/Prim.hs:537:59-60: Warning: Redundant do
Found:
  do
Perhaps you should remove it.

compiler/GHC/StgToCmm/Prim.hs:539:60-61: Warning: Redundant do
Found:
  do
Perhaps you should remove it.

compiler/GHC/StgToCmm/Prim.hs:541:60-61: Warning: Redundant do
Found:
  do
Perhaps you should remove it.

compiler/GHC/StgToCmm/Prim.hs:543:60-61: Warning: Redundant do
Found:
  do
Perhaps you should remove it.

compiler/GHC/StgToCmm/Prim.hs:548:57-58: Warning: Redundant do
Found:
  do
Perhaps you should remove it.

compiler/GHC/StgToCmm/Prim.hs:550:61-62: Warning: Redundant do
Found:
  do
Perhaps you should remove it.

compiler/GHC/StgToCmm/Prim.hs:552:56-57: Warning: Redundant do
Found:
  do
Perhaps you should remove it.

compiler/GHC/StgToCmm/Prim.hs:554:57-58: Warning: Redundant do
Found:
  do
Perhaps you should remove it.

compiler/GHC/StgToCmm/Prim.hs:556:57-58: Warning: Redundant do
Found:
  do
Perhaps you should remove it.

compiler/GHC/StgToCmm/Prim.hs:558:58-59: Warning: Redundant do
Found:
  do
Perhaps you should remove it.

compiler/GHC/StgToCmm/Prim.hs:560:59-60: Warning: Redundant do
Found:
  do
Perhaps you should remove it.

compiler/GHC/StgToCmm/Prim.hs:562:62-63: Warning: Redundant do
Found:
  do
Perhaps you should remove it.

compiler/GHC/StgToCmm/Prim.hs:564:57-58: Warning: Redundant do
Found:
  do
Perhaps you should remove it.

compiler/GHC/StgToCmm/Prim.hs:566:58-59: Warning: Redundant do
Found:
  do
Perhaps you should remove it.

compiler/GHC/StgToCmm/Prim.hs:568:58-59: Warning: Redundant do
Found:
  do
Perhaps you should remove it.

compiler/GHC/StgToCmm/Prim.hs:570:58-59: Warning: Redundant do
Found:
  do
Perhaps you should remove it.

compiler/GHC/StgToCmm/Prim.hs:572:58-59: Warning: Redundant do
Found:
  do
Perhaps you should remove it.

compiler/GHC/StgToCmm/Prim.hs:574:59-60: Warning: Redundant do
Found:
  do
Perhaps you should remove it.

compiler/GHC/StgToCmm/Prim.hs:576:59-60: Warning: Redundant do
Found:
  do
Perhaps you should remove it.

compiler/GHC/StgToCmm/Prim.hs:578:59-60: Warning: Redundant do
Found:
  do
Perhaps you should remove it.

compiler/GHC/StgToCmm/Prim.hs:583:65-66: Warning: Redundant do
Found:
  do
Perhaps you should remove it.

compiler/GHC/StgToCmm/Prim.hs:585:69-70: Warning: Redundant do
Found:
  do
Perhaps you should remove it.

compiler/GHC/StgToCmm/Prim.hs:587:64-65: Warning: Redundant do
Found:
  do
Perhaps you should remove it.

compiler/GHC/StgToCmm/Prim.hs:589:65-66: Warning: Redundant do
Found:
  do
Perhaps you should remove it.

compiler/GHC/StgToCmm/Prim.hs:591:65-66: Warning: Redundant do
Found:
  do
Perhaps you should remove it.

compiler/GHC/StgToCmm/Prim.hs:593:66-67: Warning: Redundant do
Found:
  do
Perhaps you should remove it.

compiler/GHC/StgToCmm/Prim.hs:595:67-68: Warning: Redundant do
Found:
  do
Perhaps you should remove it.

compiler/GHC/StgToCmm/Prim.hs:597:70-71: Warning: Redundant do
Found:
  do
Perhaps you should remove it.

compiler/GHC/StgToCmm/Prim.hs:599:66-67: Warning: Redundant do
Found:
  do
Perhaps you should remove it.

compiler/GHC/StgToCmm/Prim.hs:601:66-67: Warning: Redundant do
Found:
  do
Perhaps you should remove it.

compiler/GHC/StgToCmm/Prim.hs:603:66-67: Warning: Redundant do
Found:
  do
Perhaps you should remove it.

compiler/GHC/StgToCmm/Prim.hs:605:67-68: Warning: Redundant do
Found:
  do
Perhaps you should remove it.

compiler/GHC/StgToCmm/Prim.hs:607:67-68: Warning: Redundant do
Found:
  do
Perhaps you should remove it.

compiler/GHC/StgToCmm/Prim.hs:609:67-68: Warning: Redundant do
Found:
  do
Perhaps you should remove it.

compiler/GHC/StgToCmm/Prim.hs:614:64-65: Warning: Redundant do
Found:
  do
Perhaps you should remove it.

compiler/GHC/StgToCmm/Prim.hs:616:68-69: Warning: Redundant do
Found:
  do
Perhaps you should remove it.

compiler/GHC/StgToCmm/Prim.hs:618:63-64: Warning: Redundant do
Found:
  do
Perhaps you should remove it.

compiler/GHC/StgToCmm/Prim.hs:620:64-65: Warning: Redundant do
Found:
  do
Perhaps you should remove it.

compiler/GHC/StgToCmm/Prim.hs:622:64-65: Warning: Redundant do
Found:
  do
Perhaps you should remove it.

compiler/GHC/StgToCmm/Prim.hs:624:65-66: Warning: Redundant do
Found:
  do
Perhaps you should remove it.

compiler/GHC/StgToCmm/Prim.hs:626:66-67: Warning: Redundant do
Found:
  do
Perhaps you should remove it.

compiler/GHC/StgToCmm/Prim.hs:628:69-70: Warning: Redundant do
Found:
  do
Perhaps you should remove it.

compiler/GHC/StgToCmm/Prim.hs:630:65-66: Warning: Redundant do
Found:
  do
Perhaps you should remove it.

compiler/GHC/StgToCmm/Prim.hs:632:65-66: Warning: Redundant do
Found:
  do
Perhaps you should remove it.

compiler/GHC/StgToCmm/Prim.hs:634:65-66: Warning: Redundant do
Found:
  do
Perhaps you should remove it.

compiler/GHC/StgToCmm/Prim.hs:636:66-67: Warning: Redundant do
Found:
  do
Perhaps you should remove it.

compiler/GHC/StgToCmm/Prim.hs:638:66-67: Warning: Redundant do
Found:
  do
Perhaps you should remove it.

compiler/GHC/StgToCmm/Prim.hs:640:66-67: Warning: Redundant do
Found:
  do
Perhaps you should remove it.

compiler/GHC/StgToCmm/Prim.hs:645:56-57: Warning: Redundant do
Found:
  do
Perhaps you should remove it.

compiler/GHC/StgToCmm/Prim.hs:647:60-61: Warning: Redundant do
Found:
  do
Perhaps you should remove it.

compiler/GHC/StgToCmm/Prim.hs:649:55-56: Warning: Redundant do
Found:
  do
Perhaps you should remove it.

compiler/GHC/StgToCmm/Prim.hs:651:56-57: Warning: Redundant do
Found:
  do
Perhaps you should remove it.

compiler/GHC/StgToCmm/Prim.hs:653:56-57: Warning: Redundant do
Found:
  do
Perhaps you should remove it.

compiler/GHC/StgToCmm/Prim.hs:655:57-58: Warning: Redundant do
Found:
  do
Perhaps you should remove it.

compiler/GHC/StgToCmm/Prim.hs:657:58-59: Warning: Redundant do
Found:
  do
Perhaps you should remove it.

compiler/GHC/StgToCmm/Prim.hs:659:61-62: Warning: Redundant do
Found:
  do
Perhaps you should remove it.

compiler/GHC/StgToCmm/Prim.hs:661:56-57: Warning: Redundant do
Found:
  do
Perhaps you should remove it.

compiler/GHC/StgToCmm/Prim.hs:663:57-58: Warning: Redundant do
Found:
  do
Perhaps you should remove it.

compiler/GHC/StgToCmm/Prim.hs:665:57-58: Warning: Redundant do
Found:
  do
Perhaps you should remove it.

compiler/GHC/StgToCmm/Prim.hs:667:57-58: Warning: Redundant do
Found:
  do
Perhaps you should remove it.

compiler/GHC/StgToCmm/Prim.hs:669:57-58: Warning: Redundant do
Found:
  do
Perhaps you should remove it.

compiler/GHC/StgToCmm/Prim.hs:671:58-59: Warning: Redundant do
Found:
  do
Perhaps you should remove it.

compiler/GHC/StgToCmm/Prim.hs:673:58-59: Warning: Redundant do
Found:
  do
Perhaps you should remove it.

compiler/GHC/StgToCmm/Prim.hs:675:58-59: Warning: Redundant do
Found:
  do
Perhaps you should remove it.

compiler/GHC/StgToCmm/Prim.hs:680:58-59: Warning: Redundant do
Found:
  do
Perhaps you should remove it.

compiler/GHC/StgToCmm/Prim.hs:682:62-63: Warning: Redundant do
Found:
  do
Perhaps you should remove it.

compiler/GHC/StgToCmm/Prim.hs:684:57-58: Warning: Redundant do
Found:
  do
Perhaps you should remove it.

compiler/GHC/StgToCmm/Prim.hs:686:58-59: Warning: Redundant do
Found:
  do
Perhaps you should remove it.

compiler/GHC/StgToCmm/Prim.hs:688:58-59: Warning: Redundant do
Found:
  do
Perhaps you should remove it.

compiler/GHC/StgToCmm/Prim.hs:690:59-60: Warning: Redundant do
Found:
  do
Perhaps you should remove it.

compiler/GHC/StgToCmm/Prim.hs:692:60-61: Warning: Redundant do
Found:
  do
Perhaps you should remove it.

compiler/GHC/StgToCmm/Prim.hs:694:63-64: Warning: Redundant do
Found:
  do
Perhaps you should remove it.

compiler/GHC/StgToCmm/Prim.hs:696:58-59: Warning: Redundant do
Found:
  do
Perhaps you should remove it.

compiler/GHC/StgToCmm/Prim.hs:698:59-60: Warning: Redundant do
Found:
  do
Perhaps you should remove it.

compiler/GHC/StgToCmm/Prim.hs:700:59-60: Warning: Redundant do
Found:
  do
Perhaps you should remove it.

compiler/GHC/StgToCmm/Prim.hs:702:59-60: Warning: Redundant do
Found:
  do
Perhaps you should remove it.

compiler/GHC/StgToCmm/Prim.hs:704:59-60: Warning: Redundant do
Found:
  do
Perhaps you should remove it.

compiler/GHC/StgToCmm/Prim.hs:706:60-61: Warning: Redundant do
Found:
  do
Perhaps you should remove it.

compiler/GHC/StgToCmm/Prim.hs:708:60-61: Warning: Redundant do
Found:
  do
Perhaps you should remove it.

compiler/GHC/StgToCmm/Prim.hs:710:60-61: Warning: Redundant do
Found:
  do
Perhaps you should remove it.

compiler/GHC/StgToCmm/Prim.hs:715:65-66: Warning: Redundant do
Found:
  do
Perhaps you should remove it.

compiler/GHC/StgToCmm/Prim.hs:717:69-70: Warning: Redundant do
Found:
  do
Perhaps you should remove it.

compiler/GHC/StgToCmm/Prim.hs:719:64-65: Warning: Redundant do
Found:
  do
Perhaps you should remove it.

compiler/GHC/StgToCmm/Prim.hs:721:65-66: Warning: Redundant do
Found:
  do
Perhaps you should remove it.

compiler/GHC/StgToCmm/Prim.hs:723:65-66: Warning: Redundant do
Found:
  do
Perhaps you should remove it.

compiler/GHC/StgToCmm/Prim.hs:725:66-67: Warning: Redundant do
Found:
  do
Perhaps you should remove it.

compiler/GHC/StgToCmm/Prim.hs:727:67-68: Warning: Redundant do
Found:
  do
Perhaps you should remove it.

compiler/GHC/StgToCmm/Prim.hs:729:70-71: Warning: Redundant do
Found:
  do
Perhaps you should remove it.

compiler/GHC/StgToCmm/Prim.hs:731:66-67: Warning: Redundant do
Found:
  do
Perhaps you should remove it.

compiler/GHC/StgToCmm/Prim.hs:733:66-67: Warning: Redundant do
Found:
  do
Perhaps you should remove it.

compiler/GHC/StgToCmm/Prim.hs:735:66-67: Warning: Redundant do
Found:
  do
Perhaps you should remove it.

compiler/GHC/StgToCmm/Prim.hs:737:67-68: Warning: Redundant do
Found:
  do
Perhaps you should remove it.

compiler/GHC/StgToCmm/Prim.hs:739:67-68: Warning: Redundant do
Found:
  do
Perhaps you should remove it.

compiler/GHC/StgToCmm/Prim.hs:741:67-68: Warning: Redundant do
Found:
  do
Perhaps you should remove it.

compiler/GHC/StgToCmm/Prim.hs:745:74-75: Warning: Redundant do
Found:
  do
Perhaps you should remove it.

compiler/GHC/StgToCmm/Prim.hs:747:81-82: Warning: Redundant do
Found:
  do
Perhaps you should remove it.

compiler/GHC/StgToCmm/Prim.hs:749:72-73: Warning: Redundant do
Found:
  do
Perhaps you should remove it.

compiler/GHC/StgToCmm/Prim.hs:751:79-80: Warning: Redundant do
Found:
  do
Perhaps you should remove it.

compiler/GHC/StgToCmm/Prim.hs:753:72-73: Warning: Redundant do
Found:
  do
Perhaps you should remove it.

compiler/GHC/StgToCmm/Prim.hs:755:60-61: Warning: Redundant do
Found:
  do
Perhaps you should remove it.

compiler/GHC/StgToCmm/Prim.hs:759:81-82: Warning: Redundant do
Found:
  do
Perhaps you should remove it.

compiler/GHC/StgToCmm/Prim.hs:762:47-48: Warning: Redundant do
Found:
  do
Perhaps you should remove it.

compiler/GHC/StgToCmm/Prim.hs:764:47-48: Warning: Redundant do
Found:
  do
Perhaps you should remove it.

compiler/GHC/StgToCmm/Prim.hs:766:47-48: Warning: Redundant do
Found:
  do
Perhaps you should remove it.

compiler/GHC/StgToCmm/Prim.hs:768:45-46: Warning: Redundant do
Found:
  do
Perhaps you should remove it.

compiler/GHC/StgToCmm/Prim.hs:771:45-46: Warning: Redundant do
Found:
  do
Perhaps you should remove it.

compiler/GHC/StgToCmm/Prim.hs:773:46-47: Warning: Redundant do
Found:
  do
Perhaps you should remove it.

compiler/GHC/StgToCmm/Prim.hs:775:46-47: Warning: Redundant do
Found:
  do
Perhaps you should remove it.

compiler/GHC/StgToCmm/Prim.hs:777:46-47: Warning: Redundant do
Found:
  do
Perhaps you should remove it.

compiler/GHC/StgToCmm/Prim.hs:779:44-45: Warning: Redundant do
Found:
  do
Perhaps you should remove it.

compiler/GHC/StgToCmm/Prim.hs:783:47-48: Warning: Redundant do
Found:
  do
Perhaps you should remove it.

compiler/GHC/StgToCmm/Prim.hs:785:48-49: Warning: Redundant do
Found:
  do
Perhaps you should remove it.

compiler/GHC/StgToCmm/Prim.hs:787:48-49: Warning: Redundant do
Found:
  do
Perhaps you should remove it.

compiler/GHC/StgToCmm/Prim.hs:789:48-49: Warning: Redundant do
Found:
  do
Perhaps you should remove it.

compiler/GHC/StgToCmm/Prim.hs:791:46-47: Warning: Redundant do
Found:
  do
Perhaps you should remove it.

compiler/GHC/StgToCmm/Prim.hs:795:53-54: Warning: Redundant do
Found:
  do
Perhaps you should remove it.

compiler/GHC/StgToCmm/Prim.hs:797:54-55: Warning: Redundant do
Found:
  do
Perhaps you should remove it.

compiler/GHC/StgToCmm/Prim.hs:799:54-55: Warning: Redundant do
Found:
  do
Perhaps you should remove it.

compiler/GHC/StgToCmm/Prim.hs:801:54-55: Warning: Redundant do
Found:
  do
Perhaps you should remove it.

compiler/GHC/StgToCmm/Prim.hs:803:52-53: Warning: Redundant do
Found:
  do
Perhaps you should remove it.

compiler/GHC/StgToCmm/Prim.hs:807:53-54: Warning: Redundant do
Found:
  do
Perhaps you should remove it.

compiler/GHC/StgToCmm/Prim.hs:809:54-55: Warning: Redundant do
Found:
  do
Perhaps you should remove it.

compiler/GHC/StgToCmm/Prim.hs:811:54-55: Warning: Redundant do
Found:
  do
Perhaps you should remove it.

compiler/GHC/StgToCmm/Prim.hs:813:54-55: Warning: Redundant do
Found:
  do
Perhaps you should remove it.

compiler/GHC/StgToCmm/Prim.hs:815:52-53: Warning: Redundant do
Found:
  do
Perhaps you should remove it.

compiler/GHC/StgToCmm/Prim.hs:819:44-45: Warning: Redundant do
Found:
  do
Perhaps you should remove it.

compiler/GHC/StgToCmm/Prim.hs:821:45-46: Warning: Redundant do
Found:
  do
Perhaps you should remove it.

compiler/GHC/StgToCmm/Prim.hs:823:45-46: Warning: Redundant do
Found:
  do
Perhaps you should remove it.

compiler/GHC/StgToCmm/Prim.hs:825:45-46: Warning: Redundant do
Found:
  do
Perhaps you should remove it.

compiler/GHC/StgToCmm/Prim.hs:827:43-44: Warning: Redundant do
Found:
  do
Perhaps you should remove it.

compiler/GHC/StgToCmm/Prim.hs:831:44-45: Warning: Redundant do
Found:
  do
Perhaps you should remove it.

compiler/GHC/StgToCmm/Prim.hs:833:45-46: Warning: Redundant do
Found:
  do
Perhaps you should remove it.

compiler/GHC/StgToCmm/Prim.hs:835:45-46: Warning: Redundant do
Found:
  do
Perhaps you should remove it.

compiler/GHC/StgToCmm/Prim.hs:837:45-46: Warning: Redundant do
Found:
  do
Perhaps you should remove it.

compiler/GHC/StgToCmm/Prim.hs:839:43-44: Warning: Redundant do
Found:
  do
Perhaps you should remove it.

compiler/GHC/StgToCmm/Prim.hs:843:51-52: Warning: Redundant do
Found:
  do
Perhaps you should remove it.

compiler/GHC/StgToCmm/Prim.hs:845:52-53: Warning: Redundant do
Found:
  do
Perhaps you should remove it.

compiler/GHC/StgToCmm/Prim.hs:1006:64-65: Warning: Redundant do
Found:
  do
Perhaps you should remove it.

compiler/GHC/StgToCmm/Prim.hs:1008:64-65: Warning: Redundant do
Found:
  do
Perhaps you should remove it.

compiler/GHC/StgToCmm/Prim.hs:1010:64-65: Warning: Redundant do
Found:
  do
Perhaps you should remove it.

compiler/GHC/StgToCmm/Prim.hs:1012:64-65: Warning: Redundant do
Found:
  do
Perhaps you should remove it.

compiler/GHC/StgToCmm/Prim.hs:1015:64-65: Warning: Redundant do
Found:
  do
Perhaps you should remove it.

compiler/GHC/StgToCmm/Prim.hs:1017:64-65: Warning: Redundant do
Found:
  do
Perhaps you should remove it.

compiler/GHC/StgToCmm/Prim.hs:1019:64-65: Warning: Redundant do
Found:
  do
Perhaps you should remove it.

compiler/GHC/StgToCmm/Prim.hs:1021:64-65: Warning: Redundant do
Found:
  do
Perhaps you should remove it.

compiler/GHC/StgToCmm/Prim.hs:1023:64-65: Warning: Redundant do
Found:
  do
Perhaps you should remove it.

compiler/GHC/StgToCmm/Prim.hs:1025:64-65: Warning: Redundant do
Found:
  do
Perhaps you should remove it.

compiler/GHC/StgToCmm/Prim.hs:1027:64-65: Warning: Redundant do
Found:
  do
Perhaps you should remove it.

compiler/GHC/StgToCmm/Prim.hs:1029:64-65: Warning: Redundant do
Found:
  do
Perhaps you should remove it.

compiler/GHC/StgToCmm/Prim.hs:1032:64-65: Warning: Redundant do
Found:
  do
Perhaps you should remove it.

compiler/GHC/StgToCmm/Prim.hs:1034:64-65: Warning: Redundant do
Found:
  do
Perhaps you should remove it.

compiler/GHC/StgToCmm/Prim.hs:1036:64-65: Warning: Redundant do
Found:
  do
Perhaps you should remove it.

compiler/GHC/StgToCmm/Prim.hs:1038:64-65: Warning: Redundant do
Found:
  do
Perhaps you should remove it.

compiler/GHC/StgToCmm/Prim.hs:1042:70-71: Warning: Redundant do
Found:
  do
Perhaps you should remove it.

compiler/GHC/StgToCmm/Prim.hs:1044:70-71: Warning: Redundant do
Found:
  do
Perhaps you should remove it.

compiler/GHC/StgToCmm/Prim.hs:1046:70-71: Warning: Redundant do
Found:
  do
Perhaps you should remove it.

compiler/GHC/StgToCmm/Prim.hs:1048:71-72: Warning: Redundant do
Found:
  do
Perhaps you should remove it.

compiler/GHC/StgToCmm/Prim.hs:1050:69-70: Warning: Redundant do
Found:
  do
Perhaps you should remove it.

compiler/GHC/StgToCmm/Prim.hs:1052:70-71: Warning: Redundant do
Found:
  do
Perhaps you should remove it.

compiler/GHC/StgToCmm/Prim.hs:1054:69-70: Warning: Redundant do
Found:
  do
Perhaps you should remove it.

compiler/GHC/StgToCmm/Prim.hs:1056:72-73: Warning: Redundant do
Found:
  do
Perhaps you should remove it.

compiler/GHC/StgToCmm/Prim.hs:1058:72-73: Warning: Redundant do
Found:
  do
Perhaps you should remove it.

compiler/GHC/StgToCmm/Prim.hs:2173:37-38: Warning: Redundant do
Found:
  do
Perhaps you should remove it.

compiler/GHC/StgToCmm/Prim.hs:2936:34-35: Warning: Redundant do
Found:
  do
Perhaps you should remove it.

compiler/GHC/StgToCmm/Prim.hs:2944:35-36: Warning: Redundant do
Found:
  do
Perhaps you should remove it.

compiler/GHC/StgToCmm/Prim.hs:2953:32-33: Warning: Redundant do
Found:
  do
Perhaps you should remove it.

compiler/GHC/StgToCmm/Prim.hs:2977:22-23: Warning: Redundant do
Found:
  do
Perhaps you should remove it.

compiler/GHC/StgToCmm/Prim.hs:2984:29-30: Warning: Redundant do
Found:
  do
Perhaps you should remove it.

compiler/GHC/StgToCmm/Prim.hs:2991:28-29: Warning: Redundant do
Found:
  do
Perhaps you should remove it.

compiler/GHC/StgToCmm/Prim.hs:2998:30-31: Warning: Redundant do
Found:
  do
Perhaps you should remove it.

compiler/GHC/StgToCmm/Prim.hs:3005:30-31: Warning: Redundant do
Found:
  do
Perhaps you should remove it.

compiler/GHC/StgToCmm/Prim.hs:3012:30-31: Warning: Redundant do
Found:
  do
Perhaps you should remove it.

compiler/GHC/StgToCmm/Prim.hs:3019:27-28: Warning: Redundant do
Found:
  do
Perhaps you should remove it.

compiler/GHC/StgToCmm/Prim.hs:3026:27-28: Warning: Redundant do
Found:
  do
Perhaps you should remove it.

compiler/GHC/StgToCmm/Prof.hs:189:17-18: Warning: Redundant do
Found:
  do
Perhaps you should remove it.

compiler/GHC/StgToCmm/Utils.hs:611:25-26: Warning: Redundant do
Found:
  do
Perhaps you should remove it.

compiler/GHC/StgToCmm/Utils.hs:621:30-31: Warning: Redundant do
Found:
  do
Perhaps you should remove it.

compiler/GHC/SysTools/ExtraObj.hs:81:64-65: Warning: Redundant do
Found:
  do
Perhaps you should remove it.

compiler/GHC/SysTools/Info.hs:(118,25)-(206,13): Warning: Redundant return
Found:
  do let platform = targetPlatform dflags
         os = platformOS platform
         (pgm, args0) = pgm_l dflags
         args1 = map Option (getOpts dflags opt_l)
         args2 = args0 ++ args1
         args3 = filter notNull (map showOpt args2)
         parseLinkerInfo stdo _stde _exitc
           | any ("GNU ld" `isPrefixOf`) stdo
           = return
               (GnuLD
                  $ map
                      Option
                      ["-Wl,--hash-size=31", "-Wl,--reduce-memory-overheads",
                       "-Wl,--no-as-needed"])
           | any ("GNU gold" `isPrefixOf`) stdo
           = return (GnuGold [Option "-Wl,--no-as-needed"])
           | any ("LLD" `isPrefixOf`) stdo
           = return (LlvmLLD $ map Option ["-Wl,--no-as-needed"])
           | otherwise
           = fail "invalid --version output, or linker is unsupported"
     info <- catchIO
               (do case os of
                     OSSolaris2 -> return $ SolarisLD []
                     OSAIX -> return $ AixLD []
                     OSDarwin -> return $ DarwinLD []
                     OSMinGW32
                       -> return
                            $ GnuLD
                                $ map
                                    Option
                                    ["-Wl,--hash-size=31", "-Wl,--reduce-memory-overheads",
                                     "-fstack-check", "-static-libgcc"]
                     _ -> do (exitc, stdo, stde) <- readProcessEnvWithExitCode
                                                      pgm (["-Wl,--version"] ++ args3) c_locale_env
                             parseLinkerInfo (lines stdo) (lines stde) exitc)
               (\ err
                  -> do debugTraceMsg
                          dflags 2
                          (text "Error (figuring out linker information):"
                             <+> text (show err))
                        errorMsg dflags
                          $ hang (text "Warning:") 9
                              $ text "Couldn't figure out linker information!"
                                  $$ text "Make sure you're using GNU ld, GNU gold"
                                  <+> text "or the built in OS X linker, etc."
                        return UnknownLD)
     return info
Perhaps:
  do let platform = targetPlatform dflags
         os = platformOS platform
         (pgm, args0) = pgm_l dflags
         args1 = map Option (getOpts dflags opt_l)
         args2 = args0 ++ args1
         args3 = filter notNull (map showOpt args2)
         parseLinkerInfo stdo _stde _exitc
           | any ("GNU ld" `isPrefixOf`) stdo
           = return
               (GnuLD
                  $ map
                      Option
                      ["-Wl,--hash-size=31", "-Wl,--reduce-memory-overheads",
                       "-Wl,--no-as-needed"])
           | any ("GNU gold" `isPrefixOf`) stdo
           = return (GnuGold [Option "-Wl,--no-as-needed"])
           | any ("LLD" `isPrefixOf`) stdo
           = return (LlvmLLD $ map Option ["-Wl,--no-as-needed"])
           | otherwise
           = fail "invalid --version output, or linker is unsupported"
     catchIO
       (do case os of
             OSSolaris2 -> return $ SolarisLD []
             OSAIX -> return $ AixLD []
             OSDarwin -> return $ DarwinLD []
             OSMinGW32
               -> return
                    $ GnuLD
                        $ map
                            Option
                            ["-Wl,--hash-size=31", "-Wl,--reduce-memory-overheads",
                             "-fstack-check", "-static-libgcc"]
             _ -> do (exitc, stdo, stde) <- readProcessEnvWithExitCode
                                              pgm (["-Wl,--version"] ++ args3) c_locale_env
                     parseLinkerInfo (lines stdo) (lines stde) exitc)
       (\ err
          -> do debugTraceMsg
                  dflags 2
                  (text "Error (figuring out linker information):"
                     <+> text (show err))
                errorMsg dflags
                  $ hang (text "Warning:") 9
                      $ text "Couldn't figure out linker information!"
                          $$ text "Make sure you're using GNU ld, GNU gold"
                          <+> text "or the built in OS X linker, etc."
                return UnknownLD)

compiler/GHC/SysTools/Info.hs:153:20-21: Warning: Redundant do
Found:
  do
Perhaps you should remove it.

compiler/GHC/SysTools/Info.hs:(221,27)-(262,13): Warning: Redundant return
Found:
  do let pgm = pgm_c dflags
         parseCompilerInfo _stdo stde _exitc
           | any ("gcc version" `isInfixOf`) stde = return GCC
           | any ("clang version" `isInfixOf`) stde = return Clang
           | any ("FreeBSD clang version" `isInfixOf`) stde = return Clang
           | any ("Apple LLVM version 5.1" `isPrefixOf`) stde
           = return AppleClang51
           | any ("Apple LLVM version" `isPrefixOf`) stde = return AppleClang
           | any ("Apple clang version" `isPrefixOf`) stde = return AppleClang
           | otherwise
           = fail
               $ "invalid -v output, or compiler is unsupported: " ++ unlines stde
     info <- catchIO
               (do (exitc, stdo, stde) <- readProcessEnvWithExitCode
                                            pgm ["-v"] c_locale_env
                   parseCompilerInfo (lines stdo) (lines stde) exitc)
               (\ err
                  -> do debugTraceMsg
                          dflags 2
                          (text "Error (figuring out C compiler information):"
                             <+> text (show err))
                        errorMsg dflags
                          $ hang (text "Warning:") 9
                              $ text "Couldn't figure out C compiler information!"
                                  $$ text "Make sure you're using GNU gcc, or clang"
                        return UnknownCC)
     return info
Perhaps:
  do let pgm = pgm_c dflags
         parseCompilerInfo _stdo stde _exitc
           | any ("gcc version" `isInfixOf`) stde = return GCC
           | any ("clang version" `isInfixOf`) stde = return Clang
           | any ("FreeBSD clang version" `isInfixOf`) stde = return Clang
           | any ("Apple LLVM version 5.1" `isPrefixOf`) stde
           = return AppleClang51
           | any ("Apple LLVM version" `isPrefixOf`) stde = return AppleClang
           | any ("Apple clang version" `isPrefixOf`) stde = return AppleClang
           | otherwise
           = fail
               $ "invalid -v output, or compiler is unsupported: " ++ unlines stde
     catchIO
       (do (exitc, stdo, stde) <- readProcessEnvWithExitCode
                                    pgm ["-v"] c_locale_env
           parseCompilerInfo (lines stdo) (lines stde) exitc)
       (\ err
          -> do debugTraceMsg
                  dflags 2
                  (text "Error (figuring out C compiler information):"
                     <+> text (show err))
                errorMsg dflags
                  $ hang (text "Warning:") 9
                      $ text "Couldn't figure out C compiler information!"
                          $$ text "Make sure you're using GNU gcc, or clang"
                return UnknownCC)

compiler/GHC/SysTools/Process.hs:206:75-76: Warning: Redundant do
Found:
  do
Perhaps you should remove it.

compiler/GHC/SysTools/Process.hs:328:47-48: Warning: Redundant do
Found:
  do
Perhaps you should remove it.

compiler/GHC/SysTools/Process.hs:333:30-31: Warning: Redundant do
Found:
  do
Perhaps you should remove it.

compiler/GHC/SysTools/Tasks.hs:194:10-11: Warning: Redundant do
Found:
  do
Perhaps you should remove it.

compiler/GHC/SysTools/Terminal.hs:41:29-30: Warning: Redundant do
Found:
  do
Perhaps you should remove it.

compiler/GHC/Tc/Deriv.hs:29:1-43: Warning: Use fewer imports
Found:
  import GHC.Tc.Validity ( allDistinctTyVars )
  import GHC.Tc.Validity ( checkValidInstHead )
Perhaps:
  import GHC.Tc.Validity ( allDistinctTyVars, checkValidInstHead )

compiler/GHC/Tc/Module.hs:2830:21-22: Warning: Redundant do
Found:
  do
Perhaps you should remove it.

compiler/GHC/Tc/Module.hs:3022:37-38: Warning: Redundant do
Found:
  do
Perhaps you should remove it.

compiler/GHC/Tc/Module.hs:3044:39-40: Warning: Redundant do
Found:
  do
Perhaps you should remove it.

compiler/GHC/Tc/Solver.hs:1834:3-7: Warning: Redundant where
Found:
  where
Perhaps you should remove it.

compiler/GHC/Tc/Solver.hs:2248:7-11: Warning: Redundant where
Found:
  where
Perhaps you should remove it.

compiler/GHC/Tc/Deriv/Infer.hs:(342,5)-(370,31): Warning: Redundant return
Found:
  do DerivEnv {denv_cls = cls, denv_inst_tys = inst_tys} <- ask
     wildcard <- isStandaloneWildcardDeriv
     let gen_dms
           = [(sel_id, dm_ty) |
                (sel_id, Just (_, GenericDM dm_ty)) <- classOpItems cls]
         cls_tvs = classTyVars cls
         do_one_meth :: (Id, Type) -> TcM ThetaOrigin
         do_one_meth (sel_id, gen_dm_ty)
           = do let (sel_tvs, _cls_pred, meth_ty)
                      = tcSplitMethodTy (varType sel_id)
                    meth_ty' = substTyWith sel_tvs inst_tys meth_ty
                    (meth_tvs, meth_theta, meth_tau) = tcSplitNestedSigmaTys meth_ty'
                    gen_dm_ty' = substTyWith cls_tvs inst_tys gen_dm_ty
                    (dm_tvs, dm_theta, dm_tau) = tcSplitNestedSigmaTys gen_dm_ty'
                    tau_eq = mkPrimEqPred meth_tau dm_tau
                return
                  (mkThetaOrigin
                     (mkDerivOrigin wildcard) TypeLevel meth_tvs dm_tvs meth_theta
                     (tau_eq : dm_theta))
     theta_origins <- lift $ mapM do_one_meth gen_dms
     return theta_origins
Perhaps:
  do DerivEnv {denv_cls = cls, denv_inst_tys = inst_tys} <- ask
     wildcard <- isStandaloneWildcardDeriv
     let gen_dms
           = [(sel_id, dm_ty) |
                (sel_id, Just (_, GenericDM dm_ty)) <- classOpItems cls]
         cls_tvs = classTyVars cls
         do_one_meth :: (Id, Type) -> TcM ThetaOrigin
         do_one_meth (sel_id, gen_dm_ty)
           = do let (sel_tvs, _cls_pred, meth_ty)
                      = tcSplitMethodTy (varType sel_id)
                    meth_ty' = substTyWith sel_tvs inst_tys meth_ty
                    (meth_tvs, meth_theta, meth_tau) = tcSplitNestedSigmaTys meth_ty'
                    gen_dm_ty' = substTyWith cls_tvs inst_tys gen_dm_ty
                    (dm_tvs, dm_theta, dm_tau) = tcSplitNestedSigmaTys gen_dm_ty'
                    tau_eq = mkPrimEqPred meth_tau dm_tau
                return
                  (mkThetaOrigin
                     (mkDerivOrigin wildcard) TypeLevel meth_tvs dm_tvs meth_theta
                     (tau_eq : dm_theta))
     lift $ mapM do_one_meth gen_dms

compiler/GHC/Tc/Gen/Expr.hs:(514,5)-(515,23): Warning: Redundant return
Found:
  do expr' <- tcDoStmts do_or_lc stmts res_ty
     return expr'
Perhaps:
  do tcDoStmts do_or_lc stmts res_ty

compiler/GHC/Tc/Gen/Expr.hs:1689:36-37: Warning: Redundant do
Found:
  do
Perhaps you should remove it.

compiler/GHC/Tc/Gen/HsType.hs:79:1-59: Warning: Use fewer imports
Found:
  import GHC.Tc.Utils.Instantiate ( tcInstInvisibleTyBinders )
  import GHC.Tc.Utils.Instantiate
      ( tcInstInvisibleTyBindersN, tcInstInvisibleTyBinder )
Perhaps:
  import GHC.Tc.Utils.Instantiate
      ( tcInstInvisibleTyBinders,
        tcInstInvisibleTyBindersN,
        tcInstInvisibleTyBinder )

compiler/GHC/Tc/Instance/Class.hs:19:1-45: Warning: Use fewer imports
Found:
  import GHC.Tc.Utils.Instantiate ( tcInstType )
  import GHC.Tc.Utils.Instantiate ( instDFunType )
Perhaps:
  import GHC.Tc.Utils.Instantiate ( tcInstType, instDFunType )

compiler/GHC/Tc/Solver/Interact.hs:23:1-66: Warning: Use fewer imports
Found:
  import GHC.Core.Coercion.Axiom ( sfInteractTop, sfInteractInert )
  import GHC.Core.Coercion.Axiom
      ( TypeEqn, CoAxiom(..), CoAxBranch(..), fromBranches )
Perhaps:
  import GHC.Core.Coercion.Axiom
      ( sfInteractTop,
        sfInteractInert,
        TypeEqn,
        CoAxiom(..),
        CoAxBranch(..),
        fromBranches )

compiler/GHC/Tc/Solver/Monad.hs:3618:5-6: Warning: Redundant do
Found:
  do
Perhaps you should remove it.

compiler/GHC/Tc/TyCl/PatSyn.hs:808:3-7: Warning: Redundant where
Found:
  where
Perhaps you should remove it.

compiler/GHC/Tc/TyCl/Utils.hs:195:38-39: Warning: Redundant do
Found:
  do
Perhaps you should remove it.

compiler/GHC/Tc/TyCl/Utils.hs:(766,5)-(770,25): Warning: Redundant return
Found:
  do traceTc "tcAddTyCons"
       $ vcat
           [text "tycons" <+> ppr tyclss,
            text "implicits" <+> ppr implicit_things]
     gbl_env <- tcRecSelBinds (mkRecSelBinds tyclss)
     return gbl_env
Perhaps:
  do traceTc "tcAddTyCons"
       $ vcat
           [text "tycons" <+> ppr tyclss,
            text "implicits" <+> ppr implicit_things]
     tcRecSelBinds (mkRecSelBinds tyclss)

compiler/GHC/Tc/Types/Evidence.hs:73:1-30: Warning: Use fewer imports
Found:
  import GHC.Core.Class ( Class )
  import GHC.Core.Class ( classSCSelId )
Perhaps:
  import GHC.Core.Class ( Class, classSCSelId )

compiler/GHC/Tc/Utils/Env.hs:508:5-6: Warning: Redundant do
Found:
  do
Perhaps you should remove it.

compiler/GHC/Tc/Utils/Instantiate.hs:47:1-58: Warning: Use fewer imports
Found:
  import GHC.Types.Basic ( IntegralLit(..), SourceText(..) )
  import GHC.Types.Basic ( TypeOrKind(..) )
Perhaps:
  import GHC.Types.Basic
      ( IntegralLit(..), SourceText(..), TypeOrKind(..) )

compiler/GHC/Tc/Utils/Instantiate.hs:58:1-31: Warning: Use fewer imports
Found:
  import GHC.Core ( isOrphan )
  import GHC.Core ( Expr(..) )
Perhaps:
  import GHC.Core ( isOrphan, Expr(..) )

compiler/GHC/Tc/Utils/Monad.hs:735:25-26: Warning: Redundant do
Found:
  do
Perhaps you should remove it.

compiler/GHC/Tc/Utils/Monad.hs:742:34-35: Warning: Redundant do
Found:
  do
Perhaps you should remove it.

compiler/GHC/Tc/Utils/Monad.hs:2052:4-5: Warning: Redundant do
Found:
  do
Perhaps you should remove it.

compiler/GHC/Types/CostCentre.hs:320:21-22: Warning: Redundant do
Found:
  do
Perhaps you should remove it.

compiler/GHC/Types/CostCentre.hs:334:20-21: Warning: Redundant do
Found:
  do
Perhaps you should remove it.

compiler/GHC/Types/Demand.hs:1972:26-27: Warning: Redundant do
Found:
  do
Perhaps you should remove it.

compiler/GHC/Types/Demand.hs:1973:26-27: Warning: Redundant do
Found:
  do
Perhaps you should remove it.

compiler/GHC/Types/Demand.hs:1981:17-18: Warning: Redundant do
Found:
  do
Perhaps you should remove it.

compiler/GHC/Types/Demand.hs:1982:17-18: Warning: Redundant do
Found:
  do
Perhaps you should remove it.

compiler/GHC/Types/Demand.hs:1989:28-29: Warning: Redundant do
Found:
  do
Perhaps you should remove it.

compiler/GHC/Types/Demand.hs:2003:20-21: Warning: Redundant do
Found:
  do
Perhaps you should remove it.

compiler/GHC/Types/Demand.hs:2004:20-21: Warning: Redundant do
Found:
  do
Perhaps you should remove it.

compiler/GHC/Types/Demand.hs:2012:28-29: Warning: Redundant do
Found:
  do
Perhaps you should remove it.

compiler/GHC/Types/Demand.hs:2028:28-29: Warning: Redundant do
Found:
  do
Perhaps you should remove it.

compiler/GHC/Types/Demand.hs:2030:28-29: Warning: Redundant do
Found:
  do
Perhaps you should remove it.

compiler/GHC/Types/Demand.hs:2059:30-31: Warning: Redundant do
Found:
  do
Perhaps you should remove it.

compiler/GHC/Types/ForeignCall.hs:269:24-25: Warning: Redundant do
Found:
  do
Perhaps you should remove it.

compiler/GHC/Types/ForeignCall.hs:271:33-34: Warning: Redundant do
Found:
  do
Perhaps you should remove it.

compiler/GHC/Types/ForeignCall.hs:273:25-26: Warning: Redundant do
Found:
  do
Perhaps you should remove it.

compiler/GHC/Types/ForeignCall.hs:278:20-21: Warning: Redundant do
Found:
  do
Perhaps you should remove it.

compiler/GHC/Types/ForeignCall.hs:279:20-21: Warning: Redundant do
Found:
  do
Perhaps you should remove it.

compiler/GHC/Types/ForeignCall.hs:280:20-21: Warning: Redundant do
Found:
  do
Perhaps you should remove it.

compiler/GHC/Types/ForeignCall.hs:311:29-30: Warning: Redundant do
Found:
  do
Perhaps you should remove it.

compiler/GHC/Types/ForeignCall.hs:321:20-21: Warning: Redundant do
Found:
  do
Perhaps you should remove it.

compiler/GHC/Types/ForeignCall.hs:324:25-26: Warning: Redundant do
Found:
  do
Perhaps you should remove it.

compiler/GHC/Types/ForeignCall.hs:326:27-28: Warning: Redundant do
Found:
  do
Perhaps you should remove it.

compiler/GHC/Types/ForeignCall.hs:328:28-29: Warning: Redundant do
Found:
  do
Perhaps you should remove it.

compiler/GHC/Types/ForeignCall.hs:330:24-25: Warning: Redundant do
Found:
  do
Perhaps you should remove it.

compiler/GHC/Types/ForeignCall.hs:332:34-35: Warning: Redundant do
Found:
  do
Perhaps you should remove it.

compiler/GHC/Types/ForeignCall.hs:337:20-21: Warning: Redundant do
Found:
  do
Perhaps you should remove it.

compiler/GHC/Types/ForeignCall.hs:338:20-21: Warning: Redundant do
Found:
  do
Perhaps you should remove it.

compiler/GHC/Types/ForeignCall.hs:339:20-21: Warning: Redundant do
Found:
  do
Perhaps you should remove it.

compiler/GHC/Types/ForeignCall.hs:340:20-21: Warning: Redundant do
Found:
  do
Perhaps you should remove it.

compiler/GHC/Types/ForeignCall.hs:341:20-21: Warning: Redundant do
Found:
  do
Perhaps you should remove it.

compiler/GHC/Types/Literal.hs:211:32-33: Warning: Redundant do
Found:
  do
Perhaps you should remove it.

compiler/GHC/Types/Literal.hs:223:32-33: Warning: Redundant do
Found:
  do
Perhaps you should remove it.

compiler/GHC/Types/Literal.hs:233:20-21: Warning: Redundant do
Found:
  do
Perhaps you should remove it.

compiler/GHC/Types/Literal.hs:250:20-21: Warning: Redundant do
Found:
  do
Perhaps you should remove it.

compiler/GHC/Types/Name/Occurrence.hs:893:23-24: Warning: Redundant do
Found:
  do
Perhaps you should remove it.

compiler/GHC/Types/Name/Occurrence.hs:895:24-25: Warning: Redundant do
Found:
  do
Perhaps you should remove it.

compiler/GHC/Types/Name/Occurrence.hs:897:22-23: Warning: Redundant do
Found:
  do
Perhaps you should remove it.

compiler/GHC/Types/Name/Occurrence.hs:899:25-26: Warning: Redundant do
Found:
  do
Perhaps you should remove it.

compiler/GHC/Types/Name/Occurrence.hs:904:20-21: Warning: Redundant do
Found:
  do
Perhaps you should remove it.

compiler/GHC/Types/Name/Occurrence.hs:905:20-21: Warning: Redundant do
Found:
  do
Perhaps you should remove it.

compiler/GHC/Types/Name/Occurrence.hs:906:20-21: Warning: Redundant do
Found:
  do
Perhaps you should remove it.

compiler/GHC/Types/Name/Occurrence.hs:907:20-21: Warning: Redundant do
Found:
  do
Perhaps you should remove it.

compiler/GHC/Types/Name/Reader.hs:960:3-7: Warning: Redundant where
Found:
  where
Perhaps you should remove it.

compiler/GHC/Unit/State.hs:717:18-19: Warning: Redundant do
Found:
  do
Perhaps you should remove it.

compiler/GHC/Unit/Types.hs:352:22-23: Warning: Redundant do
Found:
  do
Perhaps you should remove it.

compiler/GHC/Utils/Binary.hs:458:18-19: Warning: Redundant do
Found:
  do
Perhaps you should remove it.

compiler/GHC/Utils/Binary.hs:1196:26-27: Warning: Redundant do
Found:
  do
Perhaps you should remove it.

compiler/GHC/Utils/Binary.hs:1257:14-15: Warning: Redundant do
Found:
  do
Perhaps you should remove it.

compiler/GHC/Utils/Binary.hs:1258:14-15: Warning: Redundant do
Found:
  do
Perhaps you should remove it.

compiler/GHC/Utils/Binary.hs:1259:14-15: Warning: Redundant do
Found:
  do
Perhaps you should remove it.

compiler/GHC/Utils/Binary.hs:1262:27-28: Warning: Redundant do
Found:
  do
Perhaps you should remove it.

compiler/GHC/Utils/Binary.hs:1264:27-28: Warning: Redundant do
Found:
  do
Perhaps you should remove it.

compiler/GHC/Utils/Binary.hs:1266:28-29: Warning: Redundant do
Found:
  do
Perhaps you should remove it.

compiler/GHC/Utils/Binary.hs:1279:20-21: Warning: Redundant do
Found:
  do
Perhaps you should remove it.

compiler/GHC/Utils/Binary.hs:1280:20-21: Warning: Redundant do
Found:
  do
Perhaps you should remove it.

compiler/GHC/Utils/Binary.hs:1281:20-21: Warning: Redundant do
Found:
  do
Perhaps you should remove it.

compiler/GHC/Utils/Binary.hs:1327:25-26: Warning: Redundant do
Found:
  do
Perhaps you should remove it.

compiler/GHC/Utils/Binary.hs:1329:28-29: Warning: Redundant do
Found:
  do
Perhaps you should remove it.

compiler/GHC/Utils/Binary.hs:1334:20-21: Warning: Redundant do
Found:
  do
Perhaps you should remove it.

compiler/GHC/Utils/Binary.hs:1335:20-21: Warning: Redundant do
Found:
  do
Perhaps you should remove it.

compiler/GHC/Utils/Binary.hs:1363:22-23: Warning: Redundant do
Found:
  do
Perhaps you should remove it.

compiler/GHC/Utils/Binary.hs:1365:22-23: Warning: Redundant do
Found:
  do
Perhaps you should remove it.

compiler/GHC/Utils/Binary.hs:1367:22-23: Warning: Redundant do
Found:
  do
Perhaps you should remove it.

compiler/GHC/Utils/Binary.hs:1372:20-21: Warning: Redundant do
Found:
  do
Perhaps you should remove it.

compiler/GHC/Utils/Binary.hs:1373:20-21: Warning: Redundant do
Found:
  do
Perhaps you should remove it.

compiler/GHC/Utils/Binary.hs:1374:20-21: Warning: Redundant do
Found:
  do
Perhaps you should remove it.

compiler/GHC/Utils/Encoding.hs:213:21-22: Warning: Redundant do
Found:
  do
Perhaps you should remove it.

compiler/GHC/Utils/Error.hs:253:52-53: Warning: Redundant do
Found:
  do
Perhaps you should remove it.

compiler/GHC/Utils/Error.hs:742:5-6: Warning: Redundant do
Found:
  do
Perhaps you should remove it.

compiler/GHC/Utils/Error.hs:982:55-56: Warning: Redundant do
Found:
  do
Perhaps you should remove it.

compiler/GHC/Utils/Exception.hs:13:1-24: Warning: Use fewer imports
Found:
  import Control.Exception
  import Control.Exception as CE
Perhaps:
  import Control.Exception as CE

compiler/GHC/Utils/GlobalVars.hs:86:19-20: Warning: Redundant do
Found:
  do
Perhaps you should remove it.

compiler/GHC/Utils/Misc.hs:1284:30-31: Warning: Redundant do
Found:
  do
Perhaps you should remove it.

539 hints
Error when running Shake build system:
  at want, called at src/Main.hs:102:30 in main:Main
* Depends on: lint:compiler
  at cmd_, called at src/Rules/Lint.hs:74:3 in main:Rules.Lint
* Raised the exception:
Development.Shake.cmd, system command failed
Command line: hlint -j --cpp-define x86_64_HOST_ARCH --cpp-include=/home/hecate/Contrib/GHC/ghc/includes --cpp-include=/home/hecate/Contrib/GHC/ghc/_build/stage1/lib --cpp-include=/home/hecate/Contrib/GHC/ghc/compiler --cpp-include=/home/hecate/Contrib/GHC/ghc/_build/stage1/lib/ghcplatform.h --cpp-include=/home/hecate/Contrib/GHC/ghc/_build/stage1/compiler/build -h /home/hecate/Contrib/GHC/ghc/compiler/.hlint.yaml compiler
Exit code: 1
Stderr:



