module Main (main) where

import System (getArgs)

defaultArgs :: Args
defaultArgs  =  MkArgs ?? ?? ?? ?? ?? "" "" ?? ?? False ?? ?? ?? ?? ?? ?? ?? ?? ?? ?? ?? "" "" ?? ?? ?? False False ?? ?? ?? ?? ?? ?? ??

usage :: IO ()
usage  =  hPutStr stderr "Usage: prog [-a Int] [-b Float] [-c Foo] [-d Bar] [-e Double] [-f String] [-g String] [-h Int] [-j Double] [-k] [-n Basil] [-p Knob] [-q Wizzle] [-r Wissle] [-s Wibble] [-u Widdle] [-A Int] [-B Float] [-C Foo] [-D Bar] [-E Double] [-F String] [-G String] [-H Int] [-I Float] [-J Double] [-K] [-L] [-M Buzzle] [-N Basil] [-P Knob] [-Q Wizzle] [-R Wissle] [-S Wibble] [-T Widdle]"

data Args  =  MkArgs Int Float Foo Bar Double String String Int Double Bool Basil Knob Wizzle Wissle Wibble Widdle Int Float Foo Bar Double String String Int Float Double Bool Bool Buzzle Basil Knob Wizzle Wissle Wibble Widdle deriving ()

parse_args :: Args -> String -> IO ()
parse_args (MkArgs x1 x2 x3 x4 x5 x6 x7 x8 x9 x10 x11 x12 x13 x14 x15 x16 x17 x18 x19 x20 x21 x22 x23 x24 x25 x26 x27 x28 x29 x30 x31 x32 x33 x34 x35) ('-':'a':rest)
    =  readval reads (\val -> parse_args (MkArgs val x2 x3 x4 x5 x6 x7 x8 x9 x10 x11 x12 x13 x14 x15 x16 x17 x18 x19 x20 x21 x22 x23 x24 x25 x26 x27 x28 x29 x30 x31 x32 x33 x34 x35)) rest
parse_args (MkArgs x1 x2 x3 x4 x5 x6 x7 x8 x9 x10 x11 x12 x13 x14 x15 x16 x17 x18 x19 x20 x21 x22 x23 x24 x25 x26 x27 x28 x29 x30 x31 x32 x33 x34 x35) ('-':'b':rest)
    =  readval reads (\val -> parse_args (MkArgs x1 val x3 x4 x5 x6 x7 x8 x9 x10 x11 x12 x13 x14 x15 x16 x17 x18 x19 x20 x21 x22 x23 x24 x25 x26 x27 x28 x29 x30 x31 x32 x33 x34 x35)) rest
parse_args (MkArgs x1 x2 x3 x4 x5 x6 x7 x8 x9 x10 x11 x12 x13 x14 x15 x16 x17 x18 x19 x20 x21 x22 x23 x24 x25 x26 x27 x28 x29 x30 x31 x32 x33 x34 x35) ('-':'c':rest)
    =  readval reads (\val -> parse_args (MkArgs x1 x2 val x4 x5 x6 x7 x8 x9 x10 x11 x12 x13 x14 x15 x16 x17 x18 x19 x20 x21 x22 x23 x24 x25 x26 x27 x28 x29 x30 x31 x32 x33 x34 x35)) rest
parse_args (MkArgs x1 x2 x3 x4 x5 x6 x7 x8 x9 x10 x11 x12 x13 x14 x15 x16 x17 x18 x19 x20 x21 x22 x23 x24 x25 x26 x27 x28 x29 x30 x31 x32 x33 x34 x35) ('-':'d':rest)
    =  readval reads (\val -> parse_args (MkArgs x1 x2 x3 val x5 x6 x7 x8 x9 x10 x11 x12 x13 x14 x15 x16 x17 x18 x19 x20 x21 x22 x23 x24 x25 x26 x27 x28 x29 x30 x31 x32 x33 x34 x35)) rest
parse_args (MkArgs x1 x2 x3 x4 x5 x6 x7 x8 x9 x10 x11 x12 x13 x14 x15 x16 x17 x18 x19 x20 x21 x22 x23 x24 x25 x26 x27 x28 x29 x30 x31 x32 x33 x34 x35) ('-':'e':rest)
    =  readval reads (\val -> parse_args (MkArgs x1 x2 x3 x4 val x6 x7 x8 x9 x10 x11 x12 x13 x14 x15 x16 x17 x18 x19 x20 x21 x22 x23 x24 x25 x26 x27 x28 x29 x30 x31 x32 x33 x34 x35)) rest
parse_args (MkArgs x1 x2 x3 x4 x5 x6 x7 x8 x9 x10 x11 x12 x13 x14 x15 x16 x17 x18 x19 x20 x21 x22 x23 x24 x25 x26 x27 x28 x29 x30 x31 x32 x33 x34 x35) ('-':'f':rest)
    =  readstring (\str -> parse_args (MkArgs x1 x2 x3 x4 x5 str x7 x8 x9 x10 x11 x12 x13 x14 x15 x16 x17 x18 x19 x20 x21 x22 x23 x24 x25 x26 x27 x28 x29 x30 x31 x32 x33 x34 x35)) rest
parse_args (MkArgs x1 x2 x3 x4 x5 x6 x7 x8 x9 x10 x11 x12 x13 x14 x15 x16 x17 x18 x19 x20 x21 x22 x23 x24 x25 x26 x27 x28 x29 x30 x31 x32 x33 x34 x35) ('-':'g':rest)
    =  readstring (\str -> parse_args (MkArgs x1 x2 x3 x4 x5 x6 str x8 x9 x10 x11 x12 x13 x14 x15 x16 x17 x18 x19 x20 x21 x22 x23 x24 x25 x26 x27 x28 x29 x30 x31 x32 x33 x34 x35)) rest
parse_args (MkArgs x1 x2 x3 x4 x5 x6 x7 x8 x9 x10 x11 x12 x13 x14 x15 x16 x17 x18 x19 x20 x21 x22 x23 x24 x25 x26 x27 x28 x29 x30 x31 x32 x33 x34 x35) ('-':'h':rest)
    =  readval reads (\val -> parse_args (MkArgs x1 x2 x3 x4 x5 x6 x7 val x9 x10 x11 x12 x13 x14 x15 x16 x17 x18 x19 x20 x21 x22 x23 x24 x25 x26 x27 x28 x29 x30 x31 x32 x33 x34 x35)) rest
parse_args (MkArgs x1 x2 x3 x4 x5 x6 x7 x8 x9 x10 x11 x12 x13 x14 x15 x16 x17 x18 x19 x20 x21 x22 x23 x24 x25 x26 x27 x28 x29 x30 x31 x32 x33 x34 x35) ('-':'j':rest)
    =  readval reads (\val -> parse_args (MkArgs x1 x2 x3 x4 x5 x6 x7 x8 val x10 x11 x12 x13 x14 x15 x16 x17 x18 x19 x20 x21 x22 x23 x24 x25 x26 x27 x28 x29 x30 x31 x32 x33 x34 x35)) rest
parse_args (MkArgs x1 x2 x3 x4 x5 x6 x7 x8 x9 x10 x11 x12 x13 x14 x15 x16 x17 x18 x19 x20 x21 x22 x23 x24 x25 x26 x27 x28 x29 x30 x31 x32 x33 x34 x35) ('-':'k':rest)
    =  readbool (parse_args (MkArgs x1 x2 x3 x4 x5 x6 x7 x8 x9 True x11 x12 x13 x14 x15 x16 x17 x18 x19 x20 x21 x22 x23 x24 x25 x26 x27 x28 x29 x30 x31 x32 x33 x34 x35)) rest
parse_args (MkArgs x1 x2 x3 x4 x5 x6 x7 x8 x9 x10 x11 x12 x13 x14 x15 x16 x17 x18 x19 x20 x21 x22 x23 x24 x25 x26 x27 x28 x29 x30 x31 x32 x33 x34 x35) ('-':'n':rest)
    =  readval reads (\val -> parse_args (MkArgs x1 x2 x3 x4 x5 x6 x7 x8 x9 x10 val x12 x13 x14 x15 x16 x17 x18 x19 x20 x21 x22 x23 x24 x25 x26 x27 x28 x29 x30 x31 x32 x33 x34 x35)) rest
parse_args (MkArgs x1 x2 x3 x4 x5 x6 x7 x8 x9 x10 x11 x12 x13 x14 x15 x16 x17 x18 x19 x20 x21 x22 x23 x24 x25 x26 x27 x28 x29 x30 x31 x32 x33 x34 x35) ('-':'p':rest)
    =  readval reads (\val -> parse_args (MkArgs x1 x2 x3 x4 x5 x6 x7 x8 x9 x10 x11 val x13 x14 x15 x16 x17 x18 x19 x20 x21 x22 x23 x24 x25 x26 x27 x28 x29 x30 x31 x32 x33 x34 x35)) rest
parse_args (MkArgs x1 x2 x3 x4 x5 x6 x7 x8 x9 x10 x11 x12 x13 x14 x15 x16 x17 x18 x19 x20 x21 x22 x23 x24 x25 x26 x27 x28 x29 x30 x31 x32 x33 x34 x35) ('-':'q':rest)
    =  readval reads (\val -> parse_args (MkArgs x1 x2 x3 x4 x5 x6 x7 x8 x9 x10 x11 x12 val x14 x15 x16 x17 x18 x19 x20 x21 x22 x23 x24 x25 x26 x27 x28 x29 x30 x31 x32 x33 x34 x35)) rest
parse_args (MkArgs x1 x2 x3 x4 x5 x6 x7 x8 x9 x10 x11 x12 x13 x14 x15 x16 x17 x18 x19 x20 x21 x22 x23 x24 x25 x26 x27 x28 x29 x30 x31 x32 x33 x34 x35) ('-':'r':rest)
    =  readval reads (\val -> parse_args (MkArgs x1 x2 x3 x4 x5 x6 x7 x8 x9 x10 x11 x12 x13 val x15 x16 x17 x18 x19 x20 x21 x22 x23 x24 x25 x26 x27 x28 x29 x30 x31 x32 x33 x34 x35)) rest
parse_args (MkArgs x1 x2 x3 x4 x5 x6 x7 x8 x9 x10 x11 x12 x13 x14 x15 x16 x17 x18 x19 x20 x21 x22 x23 x24 x25 x26 x27 x28 x29 x30 x31 x32 x33 x34 x35) ('-':'s':rest)
    =  readval reads (\val -> parse_args (MkArgs x1 x2 x3 x4 x5 x6 x7 x8 x9 x10 x11 x12 x13 x14 val x16 x17 x18 x19 x20 x21 x22 x23 x24 x25 x26 x27 x28 x29 x30 x31 x32 x33 x34 x35)) rest
parse_args (MkArgs x1 x2 x3 x4 x5 x6 x7 x8 x9 x10 x11 x12 x13 x14 x15 x16 x17 x18 x19 x20 x21 x22 x23 x24 x25 x26 x27 x28 x29 x30 x31 x32 x33 x34 x35) ('-':'u':rest)
    =  readval reads (\val -> parse_args (MkArgs x1 x2 x3 x4 x5 x6 x7 x8 x9 x10 x11 x12 x13 x14 x15 val x17 x18 x19 x20 x21 x22 x23 x24 x25 x26 x27 x28 x29 x30 x31 x32 x33 x34 x35)) rest
parse_args (MkArgs x1 x2 x3 x4 x5 x6 x7 x8 x9 x10 x11 x12 x13 x14 x15 x16 x17 x18 x19 x20 x21 x22 x23 x24 x25 x26 x27 x28 x29 x30 x31 x32 x33 x34 x35) ('-':'A':rest)
    =  readval reads (\val -> parse_args (MkArgs x1 x2 x3 x4 x5 x6 x7 x8 x9 x10 x11 x12 x13 x14 x15 x16 val x18 x19 x20 x21 x22 x23 x24 x25 x26 x27 x28 x29 x30 x31 x32 x33 x34 x35)) rest
parse_args (MkArgs x1 x2 x3 x4 x5 x6 x7 x8 x9 x10 x11 x12 x13 x14 x15 x16 x17 x18 x19 x20 x21 x22 x23 x24 x25 x26 x27 x28 x29 x30 x31 x32 x33 x34 x35) ('-':'B':rest)
    =  readval reads (\val -> parse_args (MkArgs x1 x2 x3 x4 x5 x6 x7 x8 x9 x10 x11 x12 x13 x14 x15 x16 x17 val x19 x20 x21 x22 x23 x24 x25 x26 x27 x28 x29 x30 x31 x32 x33 x34 x35)) rest
parse_args (MkArgs x1 x2 x3 x4 x5 x6 x7 x8 x9 x10 x11 x12 x13 x14 x15 x16 x17 x18 x19 x20 x21 x22 x23 x24 x25 x26 x27 x28 x29 x30 x31 x32 x33 x34 x35) ('-':'C':rest)
    =  readval reads (\val -> parse_args (MkArgs x1 x2 x3 x4 x5 x6 x7 x8 x9 x10 x11 x12 x13 x14 x15 x16 x17 x18 val x20 x21 x22 x23 x24 x25 x26 x27 x28 x29 x30 x31 x32 x33 x34 x35)) rest
parse_args (MkArgs x1 x2 x3 x4 x5 x6 x7 x8 x9 x10 x11 x12 x13 x14 x15 x16 x17 x18 x19 x20 x21 x22 x23 x24 x25 x26 x27 x28 x29 x30 x31 x32 x33 x34 x35) ('-':'D':rest)
    =  readval reads (\val -> parse_args (MkArgs x1 x2 x3 x4 x5 x6 x7 x8 x9 x10 x11 x12 x13 x14 x15 x16 x17 x18 x19 val x21 x22 x23 x24 x25 x26 x27 x28 x29 x30 x31 x32 x33 x34 x35)) rest
parse_args (MkArgs x1 x2 x3 x4 x5 x6 x7 x8 x9 x10 x11 x12 x13 x14 x15 x16 x17 x18 x19 x20 x21 x22 x23 x24 x25 x26 x27 x28 x29 x30 x31 x32 x33 x34 x35) ('-':'E':rest)
    =  readval reads (\val -> parse_args (MkArgs x1 x2 x3 x4 x5 x6 x7 x8 x9 x10 x11 x12 x13 x14 x15 x16 x17 x18 x19 x20 val x22 x23 x24 x25 x26 x27 x28 x29 x30 x31 x32 x33 x34 x35)) rest
parse_args (MkArgs x1 x2 x3 x4 x5 x6 x7 x8 x9 x10 x11 x12 x13 x14 x15 x16 x17 x18 x19 x20 x21 x22 x23 x24 x25 x26 x27 x28 x29 x30 x31 x32 x33 x34 x35) ('-':'F':rest)
    =  readstring (\str -> parse_args (MkArgs x1 x2 x3 x4 x5 x6 x7 x8 x9 x10 x11 x12 x13 x14 x15 x16 x17 x18 x19 x20 x21 str x23 x24 x25 x26 x27 x28 x29 x30 x31 x32 x33 x34 x35)) rest
parse_args (MkArgs x1 x2 x3 x4 x5 x6 x7 x8 x9 x10 x11 x12 x13 x14 x15 x16 x17 x18 x19 x20 x21 x22 x23 x24 x25 x26 x27 x28 x29 x30 x31 x32 x33 x34 x35) ('-':'G':rest)
    =  readstring (\str -> parse_args (MkArgs x1 x2 x3 x4 x5 x6 x7 x8 x9 x10 x11 x12 x13 x14 x15 x16 x17 x18 x19 x20 x21 x22 str x24 x25 x26 x27 x28 x29 x30 x31 x32 x33 x34 x35)) rest
parse_args (MkArgs x1 x2 x3 x4 x5 x6 x7 x8 x9 x10 x11 x12 x13 x14 x15 x16 x17 x18 x19 x20 x21 x22 x23 x24 x25 x26 x27 x28 x29 x30 x31 x32 x33 x34 x35) ('-':'H':rest)
    =  readval reads (\val -> parse_args (MkArgs x1 x2 x3 x4 x5 x6 x7 x8 x9 x10 x11 x12 x13 x14 x15 x16 x17 x18 x19 x20 x21 x22 x23 val x25 x26 x27 x28 x29 x30 x31 x32 x33 x34 x35)) rest
parse_args (MkArgs x1 x2 x3 x4 x5 x6 x7 x8 x9 x10 x11 x12 x13 x14 x15 x16 x17 x18 x19 x20 x21 x22 x23 x24 x25 x26 x27 x28 x29 x30 x31 x32 x33 x34 x35) ('-':'I':rest)
    =  readval reads (\val -> parse_args (MkArgs x1 x2 x3 x4 x5 x6 x7 x8 x9 x10 x11 x12 x13 x14 x15 x16 x17 x18 x19 x20 x21 x22 x23 x24 val x26 x27 x28 x29 x30 x31 x32 x33 x34 x35)) rest
parse_args (MkArgs x1 x2 x3 x4 x5 x6 x7 x8 x9 x10 x11 x12 x13 x14 x15 x16 x17 x18 x19 x20 x21 x22 x23 x24 x25 x26 x27 x28 x29 x30 x31 x32 x33 x34 x35) ('-':'J':rest)
    =  readval reads (\val -> parse_args (MkArgs x1 x2 x3 x4 x5 x6 x7 x8 x9 x10 x11 x12 x13 x14 x15 x16 x17 x18 x19 x20 x21 x22 x23 x24 x25 val x27 x28 x29 x30 x31 x32 x33 x34 x35)) rest
parse_args (MkArgs x1 x2 x3 x4 x5 x6 x7 x8 x9 x10 x11 x12 x13 x14 x15 x16 x17 x18 x19 x20 x21 x22 x23 x24 x25 x26 x27 x28 x29 x30 x31 x32 x33 x34 x35) ('-':'K':rest)
    =  readbool (parse_args (MkArgs x1 x2 x3 x4 x5 x6 x7 x8 x9 x10 x11 x12 x13 x14 x15 x16 x17 x18 x19 x20 x21 x22 x23 x24 x25 x26 True x28 x29 x30 x31 x32 x33 x34 x35)) rest
parse_args (MkArgs x1 x2 x3 x4 x5 x6 x7 x8 x9 x10 x11 x12 x13 x14 x15 x16 x17 x18 x19 x20 x21 x22 x23 x24 x25 x26 x27 x28 x29 x30 x31 x32 x33 x34 x35) ('-':'L':rest)
    =  readbool (parse_args (MkArgs x1 x2 x3 x4 x5 x6 x7 x8 x9 x10 x11 x12 x13 x14 x15 x16 x17 x18 x19 x20 x21 x22 x23 x24 x25 x26 x27 True x29 x30 x31 x32 x33 x34 x35)) rest
parse_args (MkArgs x1 x2 x3 x4 x5 x6 x7 x8 x9 x10 x11 x12 x13 x14 x15 x16 x17 x18 x19 x20 x21 x22 x23 x24 x25 x26 x27 x28 x29 x30 x31 x32 x33 x34 x35) ('-':'M':rest)
    =  readval reads (\val -> parse_args (MkArgs x1 x2 x3 x4 x5 x6 x7 x8 x9 x10 x11 x12 x13 x14 x15 x16 x17 x18 x19 x20 x21 x22 x23 x24 x25 x26 x27 x28 val x30 x31 x32 x33 x34 x35)) rest
parse_args (MkArgs x1 x2 x3 x4 x5 x6 x7 x8 x9 x10 x11 x12 x13 x14 x15 x16 x17 x18 x19 x20 x21 x22 x23 x24 x25 x26 x27 x28 x29 x30 x31 x32 x33 x34 x35) ('-':'N':rest)
    =  readval reads (\val -> parse_args (MkArgs x1 x2 x3 x4 x5 x6 x7 x8 x9 x10 x11 x12 x13 x14 x15 x16 x17 x18 x19 x20 x21 x22 x23 x24 x25 x26 x27 x28 x29 val x31 x32 x33 x34 x35)) rest
parse_args (MkArgs x1 x2 x3 x4 x5 x6 x7 x8 x9 x10 x11 x12 x13 x14 x15 x16 x17 x18 x19 x20 x21 x22 x23 x24 x25 x26 x27 x28 x29 x30 x31 x32 x33 x34 x35) ('-':'P':rest)
    =  readval reads (\val -> parse_args (MkArgs x1 x2 x3 x4 x5 x6 x7 x8 x9 x10 x11 x12 x13 x14 x15 x16 x17 x18 x19 x20 x21 x22 x23 x24 x25 x26 x27 x28 x29 x30 val x32 x33 x34 x35)) rest
parse_args (MkArgs x1 x2 x3 x4 x5 x6 x7 x8 x9 x10 x11 x12 x13 x14 x15 x16 x17 x18 x19 x20 x21 x22 x23 x24 x25 x26 x27 x28 x29 x30 x31 x32 x33 x34 x35) ('-':'Q':rest)
    =  readval reads (\val -> parse_args (MkArgs x1 x2 x3 x4 x5 x6 x7 x8 x9 x10 x11 x12 x13 x14 x15 x16 x17 x18 x19 x20 x21 x22 x23 x24 x25 x26 x27 x28 x29 x30 x31 val x33 x34 x35)) rest
parse_args (MkArgs x1 x2 x3 x4 x5 x6 x7 x8 x9 x10 x11 x12 x13 x14 x15 x16 x17 x18 x19 x20 x21 x22 x23 x24 x25 x26 x27 x28 x29 x30 x31 x32 x33 x34 x35) ('-':'R':rest)
    =  readval reads (\val -> parse_args (MkArgs x1 x2 x3 x4 x5 x6 x7 x8 x9 x10 x11 x12 x13 x14 x15 x16 x17 x18 x19 x20 x21 x22 x23 x24 x25 x26 x27 x28 x29 x30 x31 x32 val x34 x35)) rest
parse_args (MkArgs x1 x2 x3 x4 x5 x6 x7 x8 x9 x10 x11 x12 x13 x14 x15 x16 x17 x18 x19 x20 x21 x22 x23 x24 x25 x26 x27 x28 x29 x30 x31 x32 x33 x34 x35) ('-':'S':rest)
    =  readval reads (\val -> parse_args (MkArgs x1 x2 x3 x4 x5 x6 x7 x8 x9 x10 x11 x12 x13 x14 x15 x16 x17 x18 x19 x20 x21 x22 x23 x24 x25 x26 x27 x28 x29 x30 x31 x32 x33 val x35)) rest
parse_args (MkArgs x1 x2 x3 x4 x5 x6 x7 x8 x9 x10 x11 x12 x13 x14 x15 x16 x17 x18 x19 x20 x21 x22 x23 x24 x25 x26 x27 x28 x29 x30 x31 x32 x33 x34 x35) ('-':'T':rest)
    =  readval reads (\val -> parse_args (MkArgs x1 x2 x3 x4 x5 x6 x7 x8 x9 x10 x11 x12 x13 x14 x15 x16 x17 x18 x19 x20 x21 x22 x23 x24 x25 x26 x27 x28 x29 x30 x31 x32 x33 x34 val)) rest
parse_args (MkArgs x1 x2 x3 x4 x5 x6 x7 x8 x9 x10 x11 x12 x13 x14 x15 x16 x17 x18 x19 x20 x21 x22 x23 x24 x25 x26 x27 x28 x29 x30 x31 x32 x33 x34 x35) ('-': _ :rest)
    =  usage
parse_args (MkArgs x1 x2 x3 x4 x5 x6 x7 x8 x9 x10 x11 x12 x13 x14 x15 x16 x17 x18 x19 x20 x21 x22 x23 x24 x25 x26 x27 x28 x29 x30 x31 x32 x33 x34 x35)  rest  =  prog x1 x2 x3 x4 x5 x6 x7 x8 x9 x10 x11 x12 x13 x14 x15 x16 x17 x18 x19 x20 x21 x22 x23 x24 x25 x26 x27 x28 x29 x30 x31 x32 x33 x34 x35 (lines rest)

main :: IO ()
main  =  getArgs >>= (parse_args defaultArgs . unlines)

readbool :: (String -> IO ()) -> String -> IO ()
readbool f ""         =  f ""
readbool f ('\n':cs)  =  f cs
readbool f _          =  usage

readstring :: (String -> String -> IO ()) -> String -> IO ()
readstring f ""  =  f "" ""
readstring f cs@(c:cs')
    =  f s t
       where
       st      =  if c == '\n' then cs' else cs
       (s,t1)  =  span ((/=) '\n') st
       t       =  if t1 == "" then t1 else (tail t1)

readval :: (Read a) => ReadS a -> (a -> String -> IO ()) -> String
                       -> IO ()
readval readsfn f str
    =  case thing of
           []    -> usage
           (_:_) -> f val (if str' == "" then str' else (tail str'))
       where
       thing        =  readsfn str
       (val, str')  =  head thing
