1.0	
1.0	
0.9996	
0.9988	
0.99760014	
0.99600077	
0.99400234	
0.9916055	
0.98881114	
0.9856201	
0.9820335	
0.9780527	
0.97367907	
0.9689142	
0.9637599	
0.95821804	
0.95229065	
0.94597995	
0.9392884	
0.9322184	
0.9247727	
0.9169541	
0.9087656	
0.9002103	
0.89129156	
0.88201267	
0.8723773	
0.8623891	
0.852052	
0.84136987	
0.83034694	
0.8189875	
0.80729586	
0.79527664	
0.78293455	
0.77027434	
0.7573009	
0.7440194	
0.73043495	
0.7165529	
0.7023787	
0.6879178	
0.67317605	
0.6581591	
0.64287287	
0.6273234	
0.6115168	
0.5954592	
0.57915705	
0.5626167	
0.5458447	
0.52884763	
0.5116322	
0.49420527	
0.47657368	
0.4587444	
0.4407245	
0.42252108	
0.4041414	
0.3855927	
0.36688232	
0.34801772	
0.32900637	
0.30985582	
0.29057366	
0.27116755	
0.2516452	
0.23201442	
0.21228296	
0.19245869	
0.17254952	
0.15256336	
0.13250819	
0.112391986	
9.222278e-2	
7.200862e-2	
5.1757567e-2	
3.1477712e-2	
1.1177158e-2	
-9.135988e-3	
-2.9453604e-2	
-4.9767565e-2	
-7.0069745e-2	
-9.035201e-2	
-0.11060626	
-0.13082436	
-0.15099822	
-0.17111975	
-0.19118088	
-0.21117356	
-0.23108977	
-0.25092152	
-0.27066082	
-0.29029974	
-0.30983043	
-0.32924497	
-0.3485356	
-0.36769453	
-0.38671404	
-0.40558648	
-0.42430422	
-0.44285974	
-0.46124554	
-0.4794542	
-0.49747834	
-0.5153107	
-0.5329441	
-0.55037135	
-0.5675854	
-0.58457935	
-0.60134625	
-0.61787933	
-0.63417184	
-0.65021724	
-0.66600895	
-0.68154055	
-0.6968058	
-0.71179837	
-0.72651225	
-0.7409414	
-0.7550799	
-0.7689221	
-0.78246224	
-0.7956948	
-0.80861443	
-0.82121575	
-0.8334936	
-0.84544295	
-0.85705894	
-0.86833674	
-0.8792717	
-0.8898593	
-0.9000952	
-0.90997523	
-0.91949517	
-0.9286511	
-0.93743926	
-0.945856	
-0.9538977	
-0.9615611	
-0.9688429	
-0.97574013	
-0.9822498	
-0.98836917	
-0.9940956	
-0.9994267	
-1.0043602	
-1.008894	
-1.0130259	
-1.0167543	
-1.0200775	
-1.0229939	
-1.0255024	
-1.0276017	
-1.0292908	
-1.0305688	
-1.0314351	
-1.0318892	
-1.0319307	
-1.0315595	
-1.0307754	
-1.0295788	
-1.0279698	
-1.025949	
-1.023517	
-1.0206747	
-1.0174229	
-1.0137628	
-1.0096959	
-1.0052234	
-1.000347	
-0.99506855	
-0.98938996	
-0.9833133	
-0.9768409	
-0.9699752	
-0.9627187	
-0.95507425	
-0.94704473	
-0.93863314	
-0.92984277	
-0.92067695	
-0.9111392	
-0.90123314	
-0.89096266	
-0.8803317	
-0.8693443	
-0.8580048	
-0.8463176	
-0.83428717	
-0.8219182	
-0.8092155	
-0.796184	
-0.78282887	
-0.76915526	
-0.7551685	
-0.7408741	
-0.72627765	
-0.71138483	
-0.6962015	
-0.6807336	
-0.66498727	
-0.6489686	
-0.63268393	
-0.6161397	
-0.5993424	
-0.58229864	
-0.56501514	
-0.5474987	
-0.52975625	
-0.5117948	
-0.49362147	
-0.47524342	
-0.4566679	
-0.4379023	
-0.418954	
-0.39983058	
-0.38053957	
-0.3610886	
-0.34148544	
-0.32173783	
-0.30185363	
-0.28184074	
-0.2617071	
-0.24146073	
-0.22110967	
-0.20066203	
-0.18012595	
-0.1595096	
-0.1388212	
-0.118069	
-9.726127e-2	
-7.6406315e-2	
-5.5512458e-2	
-3.4588035e-2	
-1.364141e-2	
7.319052e-3	
2.828497e-2	
4.924796e-2	
7.019964e-2	
9.113162e-2	
0.11203552	
0.13290296	
0.1537256	
0.17449507	
0.19520305	
0.21584123	
0.23640133	
0.2568751	
0.2772543	
0.29753077	
0.31769633	
0.33774287	
0.35766232	
0.37744668	
0.397088	
0.41657832	
0.4359098	
0.45507467	
0.47406515	
0.4928736	
0.51149243	
0.52991414	
0.5481312	
0.56613636	
0.5839222	
0.6014816	
0.61880744	
0.6358927	
0.6527304	
0.6693138	
0.68563604	
0.7016906	
0.71747094	
0.7329706	
0.74818325	
0.7631027	
0.7777229	
0.79203784	
0.8060417	
0.81972873	
0.83309335	
0.8461301	
0.85883355	
0.8711986	
0.8832201	
0.8948931	
0.90621287	
0.91717464	
0.92777395	
0.9380064	
0.9478677	
0.95735383	
0.96646076	
0.9751848	
0.98352224	
0.9914696	
0.99902356	
1.0061809	
1.0129386	
1.0192939	
1.025244	
1.0307864	
1.0359187	
1.0406387	
1.0449443	
1.0488336	
1.052305	
1.0553569	
1.0579878	
1.0601966	
1.0619823	
1.0633438	
1.0642805	
1.0647919	
1.0648776	
1.0645374	
1.0637712	
1.0625793	
1.0609617	
1.0589192	
1.0564523	
1.0535618	
1.0502487	
1.0465143	
1.0423597	
1.0377865	
1.0327963	
1.027391	
1.0215726	
1.0153432	
1.0087053	
1.0016612	
0.9942136	
0.9863653	
0.9781194	
0.96947885	
0.9604471	
0.9510275	
0.9412238	
0.9310397	
0.92047906	
0.909546	
0.8982448	
0.88657975	
0.8745554	
0.8621764	
0.8494476	
0.8363739	
0.8229605	
0.8092125	
0.7951353	
0.7807345	
0.7660156	
0.7509844	
0.7356467	
0.72000873	
0.70407647	
0.6878562	
0.6713543	
0.65457726	
0.63753164	
0.62022424	
0.6026618	
0.58485126	
0.5667997	
0.5485142	
0.53000194	
0.5112703	
0.49232662	
0.47317845	
0.45383334	
0.434299	
0.4145831	
0.39469346	
0.37463802	
0.3544247	
0.3340615	
0.31355655	
0.29291797	
0.27215397	
0.2512728	
0.23028277	
0.20919223	
0.18800958	
0.16674325	
0.14540172	
0.123993486	
0.1025271	
8.10111e-2	
5.94541e-2	
3.7864693e-2	
1.6251504e-2	
-5.376829e-3	
-2.7011665e-2	
-4.864435e-2	
-7.026623e-2	
-9.1868654e-2	
-0.11344297	
-0.13498054	
-0.15647274	
-0.17791094	
-0.19928655	
-0.220591	
-0.24181572	
-0.2629522	
-0.28399196	
-0.30492654	
-0.32574752	
-0.34644654	
-0.36701527	
-0.38744542	
-0.40772876	
-0.4278571	
-0.44782236	
-0.46761647	
-0.48723146	
-0.5066594	
-0.52589244	
-0.5449228	
-0.5637429	
-0.58234495	
-0.60072154	
-0.6188652	
-0.6367685	
-0.6544243	
-0.6718254	
-0.6889647	
-0.7058353	
-0.7224303	
-0.73874295	
-0.75476664	
-0.7704948	
-0.7859211	
-0.80103916	
-0.81584287	
-0.8303262	
-0.8444832	
-0.858308	
-0.87179506	
-0.8849388	
-0.8977338	
-0.91017485	
-0.92225677	
-0.9339746	
-0.9453236	
-0.95629895	
-0.9668962	
-0.9771109	
-0.9869389	
-0.99637604	
-1.0054184	
-1.0140622	
-1.0223038	
-1.0301398	
-1.0375669	
-1.0445819	
-1.0511819	
-1.0573641	
-1.0631258	
-1.0684646	
-1.0733781	
-1.0778642	
-1.081921	
-1.0855466	
-1.0887395	
-1.0914981	
-1.0938213	
-1.0957078	
-1.0971568	
-1.0981675	
-1.0987394	
-1.098872	
-1.0985651	
-1.0978186	
-1.0966327	
-1.0950077	
-1.092944	
-1.0904424	
-1.0875036	
-1.0841285	
-1.0803185	
-1.0760748	
-1.0713991	
-1.0662929	
-1.0607581	
-1.0547968	
-1.0484113	
-1.0416037	
-1.0343767	
-1.0267332	
-1.0186759	
-1.0102079	
-1.0013324	
-0.99205285	
-0.9823728	
-0.97229594	
-0.9618261	
-0.9509673	
-0.93972385	
-0.9281	
-0.9161002	
-0.9037292	
-0.89099175	
-0.8778928	
-0.86443746	
-0.850631	
-0.83647877	
-0.82198626	
-0.8071592	
-0.7920033	
-0.77652454	
-0.76072896	
-0.74462277	
-0.7282123	
-0.711504	
-0.6945044	
-0.67722017	
-0.6596582	
-0.6418253	
-0.6237286	
-0.6053751	
-0.58677214	
-0.567927	
-0.5488472	
-0.5295402	
-0.51001364	
-0.4902753	
-0.47033292	
-0.45019445	
-0.42986783	
-0.40936115	
-0.3886825	
-0.36784014	
-0.3468423	
-0.3256973	
-0.3044136	
-0.28299958	
-0.26146382	
-0.23981486	
-0.21806131	
-0.19621184	
-0.17427514	
-0.15225996	
-0.13017507	
-0.10802927	
-8.5831404e-2	
-6.3590325e-2	
-4.1314915e-2	
-1.9014066e-2	
3.303308e-3	
2.5628287e-2	
4.7951944e-2	
7.026535e-2	
9.2559576e-2	
0.114825696	
0.13705479	
0.15923795	
0.1813663	
0.20343094	
0.22542304	
0.24733377	
0.2691543	
0.29087594	
0.3124899	
0.3339875	
0.35536012	
0.37659913	
0.39769602	
0.41864225	
0.4394294	
0.4600491	
0.480493	
0.5007529	
0.5208206	
0.54068804	
0.56034714	
0.57978994	
0.5990086	
0.6179954	
0.63674253	
0.6552425	
0.6734878	
0.6914709	
0.7091847	
0.72662187	
0.74377537	
0.76063824	
0.77720356	
0.79346466	
0.80941486	
0.8250477	
0.8403567	
0.8553357	
0.8699786	
0.8842794	
0.89823216	
0.9118312	
0.92507094	
0.93794596	
0.95045096	
0.9625808	
0.9743304	
0.985695	
0.9966699	
1.0072504	
1.0174323	
1.0272113	
1.0365834	
1.0455446	
1.0540912	
1.0622195	
1.0699261	
1.0772079	
1.0840617	
1.0904847	
1.096474	
1.1020272	
1.1071417	
1.1118155	
1.1160463	
1.1198324	
1.1231722	
1.126064	
1.1285064	
1.1304985	
1.1320392	
1.1331277	
1.1337633	
1.1339457	
1.1336746	
1.13295	
1.1317718	
1.1301405	
1.1280565	
1.1255205	
1.1225332	
1.1190957	
1.1152092	
1.110875	
1.1060947	
1.1008701	
1.0952032	
1.0890958	
1.0825504	
1.0755693	
1.0681552	
1.0603108	
1.0520393	
1.0433435	
1.034227	
1.0246931	
1.0147456	
1.0043881	
0.99362475	
0.98245966	
0.97089714	
0.9589416	
0.9465977	
0.9338702	
0.9207641	
0.90728444	
0.8934365	
0.8792256	
0.86465734	
0.8497374	
0.8344716	
0.8188659	
0.8029264	
0.78665936	
0.77007115	
0.7531683	
0.7359574	
0.71844524	
0.7006387	
0.68254477	
0.66417056	
0.64552337	
0.6266105	
0.60743946	
0.58801776	
0.56835306	
0.54845315	
0.5283259	
0.5079793	
0.48742133	
0.4666602	
0.44570407	
0.4245613	
0.40324023	
0.38174933	
0.36009714	
0.33829227	
0.31634334	
0.2942591	
0.27204832	
0.24971984	
0.22728254	
0.20474535	
0.18211725	
0.15940726	
0.13662441	
0.1137778	
9.087654e-2	
6.7929775e-2	
4.4946656e-2	
2.1936363e-2	
-1.0919105e-3	
-2.4128957e-2	
-4.7165565e-2	
-7.019252e-2	
-9.320062e-2	
-0.116180636	
-0.13912338	
-0.16201964	
-0.18486026	
-0.20763607	
-0.23033795	
-0.25295675	
-0.27548343	
-0.29790893	
-0.32022423	
-0.34242037	
-0.36448842	
-0.3864195	
-0.4082048	
-0.4298355	
-0.45130295	
-0.47259843	
-0.4937134	
-0.5146394	
-0.53536785	
-0.55589044	
-0.5761989	
-0.596285	
-0.6161406	
-0.6357577	
-0.65512836	
-0.6742447	
-0.693099	
-0.71168363	
-0.72999096	
-0.7480136	
-0.7657443	
-0.7831758	
-0.800301	
-0.8171129	
-0.8336047	
-0.84976965	
-0.8656012	
-0.8810928	
-0.89623815	
-0.91103107	
-0.92546546	
-0.9395355	
-0.9532353	
-0.96655935	
-0.9795021	
-0.99205816	
-1.0042224	
-1.0159899	
-1.0273557	
-1.038315	
-1.0488635	
-1.0589967	
-1.0687102	
-1.0780002	
-1.0868627	
-1.095294	
-1.1032906	
-1.110849	
-1.1179662	
-1.1246389	
-1.1308645	
-1.1366402	
-1.1419636	
-1.1468323	
-1.1512443	
-1.1551975	
-1.1586902	
-1.1617209	
-1.164288	
-1.1663905	
-1.1680273	
-1.1691974	
-1.1699004	
-1.1701357	
-1.169903	
-1.1692023	
-1.1680337	
-1.1663973	
-1.1642938	
-1.1617236	
-1.1586878	
-1.1551872	
-1.1512233	
-1.1467972	
-1.1419106	
-1.1365652	
-1.1307632	
-1.1245065	
-1.1177975	
-1.1106387	
-1.1030328	
-1.0949826	
-1.0864912	
-1.0775619	
-1.0681978	
-1.0584029	
-1.0481806	
-1.037535	
-1.0264701	
-1.0149902	
-1.0030997	
-0.9908032	
-0.9781054	
-0.96501136	
-0.95152605	
-0.93765473	
-0.92340285	
-0.90877587	
-0.8937795	
-0.87841964	
-0.86270225	
-0.8466335	
-0.8302197	
-0.8134672	
-0.79638267	
-0.77897274	
-0.76124424	
-0.7432042	
-0.7248596	
-0.70621777	
-0.68728596	
-0.6680717	
-0.64858246	
-0.628826	
-0.6088102	
-0.5885428	
-0.5680319	
-0.54728556	
-0.526312	
-0.50511956	
-0.48371658	
-0.46211153	
-0.440313	
-0.41832966	
-0.39617017	
-0.37384334	
-0.35135806	
-0.32872322	
-0.30594784	
-0.28304097	
-0.26001173	
-0.23686928	
-0.21362281	
-0.1902816	
-0.16685495	
-0.14335218	
-0.119782664	
-9.615581e-2	
-7.2481036e-2	
-4.8767805e-2	
-2.5025582e-2	
-1.2638532e-3	
2.2507887e-2	
4.6280134e-2	
7.004338e-2	
9.378811e-2	
0.11750482	
0.14118402	
0.16481622	
0.18839194	
0.21190174	
0.23533618	
0.25868586	
0.2819414	
0.3050935	
0.32813278	
0.35105002	
0.373836	
0.3964816	
0.41897765	
0.4413151	
0.46348497	
0.4854783	
0.50728625	
0.5289	
0.55031085	
0.57151014	
0.5924893	
0.6132398	
0.63375336	
0.6540216	
0.6740364	
0.69378954	
0.71327305	
0.7324791	
0.7513998	
0.7700275	
0.7883547	
0.80637383	
0.82407767	
0.8414589	
0.85851055	
0.8752256	
0.8915972	
0.90761876	
0.9232837	
0.9385856	
0.95351815	
0.9680753	
0.982251	
0.99603945	
1.009435	
1.0224322	
1.0350256	
1.04721	
1.0589803	
1.0703318	
1.0812597	
1.0917596	
1.1018269	
1.1114575	
1.1206473	
1.1293926	
1.1376896	
1.1455349	
1.152925	
1.159857	
1.1663278	
1.1723347	
1.177875	
1.1829464	
1.1875467	
1.1916738	
1.1953259	
1.1985012	
1.2011985	
1.2034163	
1.2051537	
1.2064097	
1.2071836	
1.207475	
1.2072835	
1.206609	
1.2054516	
1.2038115	
1.2016892	
1.1990855	
1.196001	
1.1924369	
1.1883944	
1.183875	
1.1788802	
1.1734118	
1.1674719	
1.1610626	
1.1541864	
1.1468457	
1.1390433	
1.1307822	
1.1220655	
1.1128966	
1.1032788	
1.0932157	
1.0827113	
1.0717697	
1.060395	
1.0485916	
1.0363641	
1.023717	
1.0106555	
0.9971845	
0.9833092	
0.969035	
0.9543675	
0.9393124	
0.9238756	
0.908063	
0.89188087	
0.8753355	
0.8584334	
0.8411812	
0.8235856	
0.8056536	
0.7873921	
0.7688083	
0.7499096	
0.73070335	
0.71119714	
0.6913986	
0.67131567	
0.65095615	
0.6303281	
0.6094397	
0.5882991	
0.56691474	
0.54529506	
0.52344865	
