START
Iteration   norm (x-soln)   norm r  
=========   =============   ======= 
    0                        784.0                   249.15509
    1                     528.2722                   246.54254
    2                    232.52594                   2.8259761
    3                    132.57854                   2.4381902
    4                    109.25867                   1.4603239
    5                    44.371307                   0.9443318
    6                    47.275105                   0.9349185
    7                      59.3834                   0.8275076
    8                     49.15114                    0.785464
    9                    54.737133                   0.7568267
   10                    37.404957                   0.5204604
   11                    33.249405                  0.50660175
   12                    32.921886                  0.43498233
   13                    12.165024                   0.1496009
   14                    12.031749                  0.14888816
   15                    10.237366                 0.114897385
   16                     8.036023                 7.317328e-2
   17                    7.6668944                 6.838474e-2
   18                     6.876975                3.8519196e-2
   19                     6.759768                3.7434824e-2
   20                    6.5595036                3.4878083e-2
   21                    6.2815757                 3.274507e-2
   22                     6.227323                3.2551333e-2
   23                    6.1339245                3.2242395e-2
   24                     6.122662                3.2232773e-2
   25                    6.0990434                3.2209735e-2
   26                     6.096514                 3.220922e-2
   27                    6.0908465                 3.220783e-2
   28                    6.0902567                3.2207806e-2
   29                    6.0889096                3.2207724e-2
   30                     6.088774                3.2207724e-2
   31                     6.088455                3.2207713e-2
   32                      6.08842                3.2207724e-2
   33                    6.0883446                 3.220772e-2
   34                      6.08834                3.2207716e-2
   35                     6.088322                 3.220771e-2
   36                    6.0883207                3.2207713e-2
   37                    6.0883145                3.2207716e-2
   38                     6.088314                3.2207716e-2
   39                     6.088313                3.2207713e-2
   40                     6.088313                 3.220771e-2
   41                     6.088313                 3.220771e-2
   42                     6.088313                3.2207713e-2
   43                     6.088313                3.2207716e-2
   44                     6.088313                3.2207713e-2
   45                     6.088313                3.2207716e-2
   46                     6.088313                3.2207716e-2
   47                     6.088313                3.2207716e-2
   48                     6.088313                3.2207716e-2
   49                     6.088313                3.2207716e-2


END