1425935321645506298022659517408903702006634649375456057530859777588042539969617331716677512152787974592180266014591003801892522889637953667382962783514
861772709971904166386512604855651266446963098073938521374055797053650438919306634682559182005840673434710580683628035246578971675043207054050352315246
2005239819207144105672736493537887162173438886745470043746858731820124214266516383013106864552644539436335111451569754698907553096508570093219411090143
1335327627646932627460119487276433088079430387577456476281531996530260471322265808051432650786136321535625825087395061042138540022297375280547368726096
1507973724976365480157862141220894694961412744083845308697001973914264534329933154910852480151296717386443423774908661842075106064575770265796538488128
382898375534423871885207012426820530959248845027114341143944435993498983765040952045429592358458707211540975670064591850384633255721979492472315036005
161916909196641869280784861372720529995312586798140806837551578813541810368031800690486511683941169306882417864874162062097147759090295043059527423256
1755822655471068603767926100653137664063730234288088729464531049587811702543696658418749486558369769297677532728078312761879130640199117189372788228105
447457484387976853790419978536459730920454382630654950179172928058621776727817252160174242826628690405760583784724318368258975825513515087794538378060
640864626703553726308091067407409941758029930937158263235100428614271506303138470188646010423211941294441238815130706734669504705586944188889818383106
266269455654483828318918676145469069236536648452170526754381340292178380292420098276621505023497005643991969916917281702421138904021047765624737053063
887093671967899522968767094277389862893812672788318891654774488913833276016509681096375090663648390457948270893022146313460794679181283691372297008160
1217291265173993423434657363868791682820775260219288136882012247130167420421992056941737145900678606161519337696847008343778597096315584861931361563347
1139673993770521115219406986096512420568883174532107943046659586085904425677331063620401769946787412083577884827766263106067563003263795472602544740565
593097977204596505125059389740971744238756150066572425872224736253760531344269488315879782247564163499715011427242734129578426065401216640776606125255
42173352584415091736597637918284323176772575144356269628347281580752511667065584588210616576071434402924032338149029012631728532249296826179411269899
550442211533845697073654116659769997756332076016295794954389771501423527053696229135022117497375169410734296042201820747026357908966096083873949777127
309518254301281905117728069698882145813608265662869688548545990755256231416300852958156544522791304821576137607256291566422772304627411336404384696367
1772492993967085250599663668410129824402760190477520843556942724554991385065294445022992902142666961079261590107265110063374298069015492658273448428703
1270266290730597663865241393061824966991808610173413803910729038815641916230140794165631077344294087531256135424313409903278280149403228030923954448535
1168030455930653701405124126339195274796662567607441840342348298687499166638208026849456832734624005519575821703259374936454704126805914910159434355186
1650948000109091890700809633488712695785970313344021229809496521392751018623673670326651104008737723083290871763001507487342764390357121710182723748285
1246868323455968062755687691617392709236665100439574791862619950351297562312952318956774468602470051701041584833972074611697569181787326613240166914720
1945594208287041695748520184182746257176814551745873153354292509867064937773024814628311766751498099876686558957009332073330222665099722465803905899143
1257873177304422726091275895880068943697770097393468693370116367338870189554765073580093477697092156325339873851602598255830196260807225043653102585919
1777840204927908489083467120472117020799456192101212800346377142278522765939846460143742445911356269211779119704983607158694836917849261111486256881220
1570570140260670118248595617455315105737279344182720618711776272078026088626279006229406786168733438836185571035232767562628366571756031775155248749438
1702473732509648643286554650277034991630574461034730191378370742089273987790504726989619562926577728179396298051707322043168458438291803397740223262021
1613377410615245900934530343886844732216834802257767454448993372729845877817799842841576953529353411637581119655238113454332839400442304534470204449896
1591020073141071416757595678135995828124713289520960090520439844181998828153116879893499238639411174907824166922161115866142613079504093823808391142437
1049516641998079966677882049335200333298321111330869279763918485136257942930340985577658123700503769611078835438348280548522994480252510461069963946494
1987705469573230734268454551603912364311328541552091198563625016750702499772165809662270541468679957111328134798640921478076730436705308870601232725334
1392563860942884302852510034219572064898722293682966798695742879142530933099689697114355742607715490492709853840492396688194968452523561250742915791994
1485981570568321219563420456758727031735359404490553140330079136157221477447977151524418459592636383911606091379393520740284009863734523898837915046839
1695621301734030217681950390063493276875526677358199493919213655865053165029367070174241320221493414733884712043463165787193150945395291314047173965634
1669629535230201285840603511479888679588944001823976363223321152583292821825569995234821853032958707824632684418902157405391871089046973026969709116925
220808015732763385503302454124261973362270931412941290684757593849697742065574948713379278668994307347244888437937232354032200511956935999003787152019
1280594561321284184998283638040153559830347315726263657799563589489938891172878195333404747371953876299276837446260453196887365915804451113284188016985
275379452080855190705045727384259869896778134474679659832658313465397398488903850088194410749644341020244932157059318936986314298088928767108979716858
367273290995840060563998005140055059598439709442830088547176207622790161921651983594599091986804640619830945627322478105880810199516744070927089793631
1177054608391943044752252296556013307397790608019824195571542412552094984630531734438946398577573277347822412562436471685122543371844182438442453592299
